SF:c:\Users\simon\source\repos\pomodoroTimer\CoBySi.Pomodoro\Models\PomodoroSettings.cs
FN:4,System.Double CoBySi.Pomodoro.PomodoroSettings::get_MinutesPerPomodoro()
FNDA:0,System.Double CoBySi.Pomodoro.PomodoroSettings::get_MinutesPerPomodoro()
DA:5,0
FN:5,System.Double CoBySi.Pomodoro.PomodoroSettings::get_MinutesPerShortBreak()
FNDA:0,System.Double CoBySi.Pomodoro.PomodoroSettings::get_MinutesPerShortBreak()
DA:6,0
FN:6,System.Double CoBySi.Pomodoro.PomodoroSettings::get_MinutesPerLongBreak()
FNDA:0,System.Double CoBySi.Pomodoro.PomodoroSettings::get_MinutesPerLongBreak()
DA:7,0
FN:7,System.Double CoBySi.Pomodoro.PomodoroSettings::get_PomodorosBeforeLongBreak()
FNDA:0,System.Double CoBySi.Pomodoro.PomodoroSettings::get_PomodorosBeforeLongBreak()
DA:8,0
LF:4
LH:0
BRF:0
BRH:0
FNF:4
FNH:0
end_of_record
SF:c:\Users\simon\source\repos\pomodoroTimer\CoBySi.Pomodoro\PomodoroHandler.cs
FN:9,System.Nullable`1<System.Double> CoBySi.Pomodoro.PomodorHandler::get__totalNumberOfSeconds()
FNDA:0,System.Nullable`1<System.Double> CoBySi.Pomodoro.PomodorHandler::get__totalNumberOfSeconds()
DA:10,0
FN:22,System.Boolean CoBySi.Pomodoro.PomodorHandler::IsRunning()
FNDA:0,System.Boolean CoBySi.Pomodoro.PomodorHandler::IsRunning()
DA:23,0
DA:24,0
DA:25,0
FN:27,System.Void CoBySi.Pomodoro.PomodorHandler::StartNext(CoBySi.Pomodoro.PomodoroSettings)
FNDA:0,System.Void CoBySi.Pomodoro.PomodorHandler::StartNext(CoBySi.Pomodoro.PomodoroSettings)
DA:28,0
DA:29,0
DA:30,0
DA:32,0
DA:33,0
DA:34,0
DA:35,0
DA:36,0
DA:38,0
DA:39,0
DA:40,0
DA:42,0
DA:43,0
DA:44,0
DA:45,0
DA:46,0
DA:47,0
DA:48,0
DA:49,0
DA:51,0
DA:52,0
DA:53,0
DA:55,0
BRDA:29,9,0,0
BRDA:29,9,1,0
BRDA:33,36,0,0
BRDA:33,36,1,0
BRDA:39,72,0,0
BRDA:39,72,1,0
BRDA:42,96,0,0
BRDA:42,96,1,0
FN:87,CoBySi.Pomodoro.Models.PomodoroItem CoBySi.Pomodoro.PomodorHandler::TimerFinished(CoBySi.Pomodoro.Models.PomodoroItem)
FNDA:0,CoBySi.Pomodoro.Models.PomodoroItem CoBySi.Pomodoro.PomodorHandler::TimerFinished(CoBySi.Pomodoro.Models.PomodoroItem)
DA:88,0
DA:89,0
DA:90,0
DA:91,0
DA:92,0
DA:93,0
DA:94,0
DA:95,0
DA:98,0
DA:99,0
DA:100,0
DA:102,0
DA:103,0
DA:104,0
DA:105,0
DA:106,0
DA:107,0
BRDA:89,12,0,0
BRDA:91,29,0,0
BRDA:91,29,1,0
BRDA:91,76,0,0
BRDA:91,76,1,0
BRDA:89,12,1,0
FN:108,System.Void CoBySi.Pomodoro.PomodorHandler::StopTimer()
FNDA:0,System.Void CoBySi.Pomodoro.PomodorHandler::StopTimer()
DA:109,0
DA:110,0
DA:111,0
DA:112,0
DA:113,0
BRDA:110,8,0,0
BRDA:110,8,1,0
BRDA:111,36,0,0
BRDA:111,36,1,0
FN:115,System.Void CoBySi.Pomodoro.PomodorHandler::Stop()
FNDA:0,System.Void CoBySi.Pomodoro.PomodorHandler::Stop()
DA:116,0
DA:117,0
DA:118,0
DA:119,0
FN:122,System.Double CoBySi.Pomodoro.PomodorHandler::GetTotalNumberOfSeconds(CoBySi.Pomodoro.Timer.PomodoroStatus,CoBySi.Pomodoro.PomodoroSettings)
FNDA:0,System.Double CoBySi.Pomodoro.PomodorHandler::GetTotalNumberOfSeconds(CoBySi.Pomodoro.Timer.PomodoroStatus,CoBySi.Pomodoro.PomodoroSettings)
DA:123,0
DA:124,0
DA:125,0
DA:126,0
DA:127,0
DA:128,0
DA:129,0
DA:130,0
BRDA:124,7,0,0
BRDA:124,7,1,0
BRDA:124,13,1,0
BRDA:124,13,0,0
FN:16,System.Void CoBySi.Pomodoro.PomodorHandler::.ctor(System.TimeProvider)
FNDA:0,System.Void CoBySi.Pomodoro.PomodorHandler::.ctor(System.TimeProvider)
DA:17,0
DA:18,0
DA:19,0
DA:20,0
FN:62,System.Void CoBySi.Pomodoro.PomodorHandler/<Tick>d__16::MoveNext()
FNDA:0,System.Void CoBySi.Pomodoro.PomodorHandler/<Tick>d__16::MoveNext()
DA:63,0
DA:64,0
DA:65,0
DA:66,0
DA:67,0
DA:69,0
DA:70,0
DA:71,0
DA:73,0
DA:74,0
DA:77,0
DA:78,0
DA:79,0
DA:80,0
DA:82,0
DA:83,0
DA:84,0
DA:85,0
BRDA:64,48,0,0
BRDA:64,48,1,0
BRDA:64,103,0,0
BRDA:69,163,0,0
BRDA:69,163,1,0
BRDA:64,103,1,0
BRDA:78,384,0,0
BRDA:79,445,0,0
BRDA:79,445,1,0
BRDA:78,384,1,0
FN:56,System.Void CoBySi.Pomodoro.PomodorHandler/<TimerCallback>d__15::MoveNext()
FNDA:0,System.Void CoBySi.Pomodoro.PomodorHandler/<TimerCallback>d__15::MoveNext()
DA:57,0
DA:58,0
DA:59,0
DA:60,0
BRDA:58,43,0,0
BRDA:58,43,1,0
LF:87
LH:0
BRF:34
BRH:0
FNF:10
FNH:0
end_of_record
SF:c:\Users\simon\source\repos\pomodoroTimer\CoBySi.Pomodoro\Timer\TimerChangedEventArgs.cs
FN:6,System.Nullable`1<System.Double> CoBySi.Pomodoro.Timer.TimerChangedEventArgs::get_NumberOfSecondsLeft()
FNDA:0,System.Nullable`1<System.Double> CoBySi.Pomodoro.Timer.TimerChangedEventArgs::get_NumberOfSecondsLeft()
DA:7,0
FN:7,CoBySi.Pomodoro.Models.PomodoroItem CoBySi.Pomodoro.Timer.TimerChangedEventArgs::get_Item()
FNDA:0,CoBySi.Pomodoro.Models.PomodoroItem CoBySi.Pomodoro.Timer.TimerChangedEventArgs::get_Item()
DA:8,0
FN:8,CoBySi.Pomodoro.Models.TimerEventType CoBySi.Pomodoro.Timer.TimerChangedEventArgs::get_EventType()
FNDA:0,CoBySi.Pomodoro.Models.TimerEventType CoBySi.Pomodoro.Timer.TimerChangedEventArgs::get_EventType()
DA:9,0
LF:3
LH:0
BRF:0
BRH:0
FNF:3
FNH:0
end_of_record
SF:c:\Users\simon\source\repos\pomodoroTimer\CoBySi.Pomodoro\Models\PomodoroItem.cs
FN:6,System.Guid CoBySi.Pomodoro.Models.PomodoroItem::get_Id()
FNDA:0,System.Guid CoBySi.Pomodoro.Models.PomodoroItem::get_Id()
DA:7,0
FN:7,CoBySi.Pomodoro.Timer.PomodoroStatus CoBySi.Pomodoro.Models.PomodoroItem::get_Status()
FNDA:0,CoBySi.Pomodoro.Timer.PomodoroStatus CoBySi.Pomodoro.Models.PomodoroItem::get_Status()
DA:8,0
FN:8,CoBySi.Pomodoro.Timer.PomodoroStatus CoBySi.Pomodoro.Models.PomodoroItem::get_NextStatus()
FNDA:0,CoBySi.Pomodoro.Timer.PomodoroStatus CoBySi.Pomodoro.Models.PomodoroItem::get_NextStatus()
DA:9,0
FN:9,System.Double CoBySi.Pomodoro.Models.PomodoroItem::get_TotalNumberOfSeconds()
FNDA:0,System.Double CoBySi.Pomodoro.Models.PomodoroItem::get_TotalNumberOfSeconds()
DA:10,0
FN:10,System.String CoBySi.Pomodoro.Models.PomodoroItem::get_UserId()
FNDA:0,System.String CoBySi.Pomodoro.Models.PomodoroItem::get_UserId()
DA:11,0
FN:11,System.String CoBySi.Pomodoro.Models.PomodoroItem::get_SessionID()
FNDA:0,System.String CoBySi.Pomodoro.Models.PomodoroItem::get_SessionID()
DA:12,0
FN:12,System.Int32 CoBySi.Pomodoro.Models.PomodoroItem::get_NumberOfPomodoros()
FNDA:0,System.Int32 CoBySi.Pomodoro.Models.PomodoroItem::get_NumberOfPomodoros()
DA:13,0
LF:7
LH:0
BRF:0
BRH:0
FNF:7
FNH:0
end_of_record