SF:c:\Users\simon\Documents\projects\pomodoroTimer\CoBySi.Pomodoro\Models\PomodoroSettings.cs
FN:4,System.Int32 CoBySi.Pomodoro.PomodoroSettings::get_MinutesPerPomodoro()
FNDA:0,System.Int32 CoBySi.Pomodoro.PomodoroSettings::get_MinutesPerPomodoro()
DA:5,0
FN:5,System.Int32 CoBySi.Pomodoro.PomodoroSettings::get_MinutesPerShortBreak()
FNDA:0,System.Int32 CoBySi.Pomodoro.PomodoroSettings::get_MinutesPerShortBreak()
DA:6,0
FN:6,System.Int32 CoBySi.Pomodoro.PomodoroSettings::get_MinutesPerLongBreak()
FNDA:0,System.Int32 CoBySi.Pomodoro.PomodoroSettings::get_MinutesPerLongBreak()
DA:7,0
FN:7,System.Int32 CoBySi.Pomodoro.PomodoroSettings::get_PomodorosBeforeLongBreak()
FNDA:0,System.Int32 CoBySi.Pomodoro.PomodoroSettings::get_PomodorosBeforeLongBreak()
DA:8,0
LF:4
LH:0
BRF:0
BRH:0
FNF:4
FNH:0
end_of_record
SF:c:\Users\simon\Documents\projects\pomodoroTimer\CoBySi.Pomodoro\PomodorHandler.cs
FN:9,System.Nullable`1<System.Double> CoBySi.Pomodoro.PomodorHandler::get__totalNumberOfSeconds()
FNDA:0,System.Nullable`1<System.Double> CoBySi.Pomodoro.PomodorHandler::get__totalNumberOfSeconds()
DA:10,0
FN:23,System.Void CoBySi.Pomodoro.PomodorHandler::Start(CoBySi.Pomodoro.Timer.PomodoroState)
FNDA:0,System.Void CoBySi.Pomodoro.PomodorHandler::Start(CoBySi.Pomodoro.Timer.PomodoroState)
DA:24,0
DA:25,0
DA:26,0
DA:27,0
DA:28,0
DA:29,0
DA:30,0
DA:31,0
BRDA:29,95,0,0
BRDA:29,95,1,0
BRDA:29,129,0,0
BRDA:29,129,1,0
FN:32,System.Void CoBySi.Pomodoro.PomodorHandler::TimerCallback(System.Object)
FNDA:0,System.Void CoBySi.Pomodoro.PomodorHandler::TimerCallback(System.Object)
DA:33,0
DA:34,0
DA:35,0
FN:37,System.Void CoBySi.Pomodoro.PomodorHandler::Tick()
FNDA:0,System.Void CoBySi.Pomodoro.PomodorHandler::Tick()
DA:38,0
DA:39,0
DA:40,0
DA:41,0
DA:42,0
DA:43,0
DA:44,0
DA:45,0
DA:46,0
DA:48,0
BRDA:40,22,0,0
BRDA:40,22,1,0
BRDA:40,56,0,0
BRDA:40,56,1,0
BRDA:41,141,0,0
BRDA:44,158,0,0
BRDA:44,158,1,0
BRDA:41,141,1,0
FN:50,System.Void CoBySi.Pomodoro.PomodorHandler::StopTimer()
FNDA:0,System.Void CoBySi.Pomodoro.PomodorHandler::StopTimer()
DA:51,0
DA:52,0
DA:53,0
BRDA:52,8,0,0
BRDA:52,8,1,0
FN:55,System.Nullable`1<System.Double> CoBySi.Pomodoro.PomodorHandler::GetTotalNumberOfSeconds(CoBySi.Pomodoro.Timer.PomodoroState,CoBySi.Pomodoro.PomodoroSettings)
FNDA:0,System.Nullable`1<System.Double> CoBySi.Pomodoro.PomodorHandler::GetTotalNumberOfSeconds(CoBySi.Pomodoro.Timer.PomodoroState,CoBySi.Pomodoro.PomodoroSettings)
DA:56,0
DA:57,0
DA:58,0
DA:59,0
DA:60,0
DA:61,0
DA:62,0
DA:63,0
BRDA:57,7,0,0
BRDA:57,7,1,0
BRDA:57,13,1,0
BRDA:57,13,0,0
FN:65,System.Void CoBySi.Pomodoro.PomodorHandler::Stop()
FNDA:0,System.Void CoBySi.Pomodoro.PomodorHandler::Stop()
DA:66,0
DA:67,0
DA:68,0
DA:69,0
DA:70,0
DA:71,0
BRDA:70,46,0,0
BRDA:70,46,1,0
BRDA:70,80,0,0
BRDA:70,80,1,0
FN:16,System.Void CoBySi.Pomodoro.PomodorHandler::.ctor(CoBySi.Pomodoro.PomodoroSettings,System.TimeProvider)
FNDA:0,System.Void CoBySi.Pomodoro.PomodorHandler::.ctor(CoBySi.Pomodoro.PomodoroSettings,System.TimeProvider)
DA:17,0
DA:18,0
DA:19,0
DA:20,0
DA:21,0
LF:44
LH:0
BRF:22
BRH:0
FNF:8
FNH:0
end_of_record
SF:c:\Users\simon\Documents\projects\pomodoroTimer\CoBySi.Pomodoro\Timer\TimeChangedEventArgs.cs
FN:4,System.Nullable`1<System.Double> CoBySi.Pomodoro.Timer.TimeChangedEventArgs::get_NumberOfSecondsLeft()
FNDA:0,System.Nullable`1<System.Double> CoBySi.Pomodoro.Timer.TimeChangedEventArgs::get_NumberOfSecondsLeft()
DA:5,0
FN:5,CoBySi.Pomodoro.Timer.PomodoroState CoBySi.Pomodoro.Timer.TimeChangedEventArgs::get_State()
FNDA:0,CoBySi.Pomodoro.Timer.PomodoroState CoBySi.Pomodoro.Timer.TimeChangedEventArgs::get_State()
DA:6,0
LF:2
LH:0
BRF:0
BRH:0
FNF:2
FNH:0
end_of_record
SF:c:\Users\simon\Documents\projects\pomodoroTimer\CoBySi.Pomodoro\Timer\TimerFinishedEventArgs.cs
FN:4,CoBySi.Pomodoro.Timer.PomodoroState CoBySi.Pomodoro.Timer.TimerFinishedEventArgs::get_StateFinished()
FNDA:0,CoBySi.Pomodoro.Timer.PomodoroState CoBySi.Pomodoro.Timer.TimerFinishedEventArgs::get_StateFinished()
DA:5,0
LF:1
LH:0
BRF:0
BRH:0
FNF:1
FNH:0
end_of_record
SF:c:\Users\simon\Documents\projects\pomodoroTimer\CoBySi.Pomodoro.Repository\PomdoroDbContextFactory.cs
FN:14,CoBySi.Pomodoro.Repository.Identity.Data.PomodoroAuth CoBySi.Pomodoro.Repository.PomdoroDbContextFactory::CreateDbContext(System.String[])
FNDA:0,CoBySi.Pomodoro.Repository.Identity.Data.PomodoroAuth CoBySi.Pomodoro.Repository.PomdoroDbContextFactory::CreateDbContext(System.String[])
DA:15,0
DA:16,0
DA:17,0
DA:19,0
DA:20,0
FN:9,System.Void CoBySi.Pomodoro.Repository.PomdoroDbContextFactory::.ctor()
FNDA:0,System.Void CoBySi.Pomodoro.Repository.PomdoroDbContextFactory::.ctor()
DA:10,0
DA:11,0
DA:12,0
LF:8
LH:0
BRF:0
BRH:0
FNF:2
FNH:0
end_of_record
SF:c:\Users\simon\Documents\projects\pomodoroTimer\CoBySi.Pomodoro.Repository\UserSettingsRepository.cs
FN:7,System.Threading.Tasks.Task`1<CoBySi.Pomodoro.Repository.Models.UserPomodoroSettingsEntity> CoBySi.Pomodoro.Repository.UserSettingsRepository::GetUserPomodoroSettingsAsync(System.Guid)
FNDA:0,System.Threading.Tasks.Task`1<CoBySi.Pomodoro.Repository.Models.UserPomodoroSettingsEntity> CoBySi.Pomodoro.Repository.UserSettingsRepository::GetUserPomodoroSettingsAsync(System.Guid)
DA:8,0
DA:9,0
DA:10,0
LF:3
LH:0
BRF:0
BRH:0
FNF:1
FNH:0
end_of_record
SF:c:\Users\simon\Documents\projects\pomodoroTimer\CoBySi.Pomodoro.Repository\Models\UserPomodoroSettingsEntity.cs
FN:4,System.Int32 CoBySi.Pomodoro.Repository.Models.UserPomodoroSettingsEntity::get_MinutesPerPomodoro()
FNDA:0,System.Int32 CoBySi.Pomodoro.Repository.Models.UserPomodoroSettingsEntity::get_MinutesPerPomodoro()
DA:5,0
FN:5,System.Int32 CoBySi.Pomodoro.Repository.Models.UserPomodoroSettingsEntity::get_MinutesPerShortBreak()
FNDA:0,System.Int32 CoBySi.Pomodoro.Repository.Models.UserPomodoroSettingsEntity::get_MinutesPerShortBreak()
DA:6,0
FN:6,System.Int32 CoBySi.Pomodoro.Repository.Models.UserPomodoroSettingsEntity::get_MinutesPerLongBreak()
FNDA:0,System.Int32 CoBySi.Pomodoro.Repository.Models.UserPomodoroSettingsEntity::get_MinutesPerLongBreak()
DA:7,0
FN:7,System.Int32 CoBySi.Pomodoro.Repository.Models.UserPomodoroSettingsEntity::get_PomodorosBeforeLongBreak()
FNDA:0,System.Int32 CoBySi.Pomodoro.Repository.Models.UserPomodoroSettingsEntity::get_PomodorosBeforeLongBreak()
DA:8,0
LF:4
LH:0
BRF:0
BRH:0
FNF:4
FNH:0
end_of_record
SF:c:\Users\simon\Documents\projects\pomodoroTimer\CoBySi.Pomodoro.Repository\Migrations\20250111151410_CreateIdentitySchema.cs
FN:13,System.Void CoBySi.Pomodoro.Repository.Migrations.CreateIdentitySchema::Up(Microsoft.EntityFrameworkCore.Migrations.MigrationBuilder)
FNDA:0,System.Void CoBySi.Pomodoro.Repository.Migrations.CreateIdentitySchema::Up(Microsoft.EntityFrameworkCore.Migrations.MigrationBuilder)
DA:14,0
DA:15,0
DA:16,0
DA:17,0
DA:18,0
DA:19,0
DA:20,0
DA:21,0
DA:22,0
DA:23,0
DA:24,0
DA:25,0
DA:26,0
DA:27,0
DA:29,0
DA:30,0
DA:31,0
DA:32,0
DA:33,0
DA:34,0
DA:35,0
DA:36,0
DA:37,0
DA:38,0
DA:39,0
DA:40,0
DA:41,0
DA:42,0
DA:43,0
DA:44,0
DA:45,0
DA:46,0
DA:47,0
DA:48,0
DA:49,0
DA:50,0
DA:51,0
DA:52,0
DA:54,0
DA:55,0
DA:56,0
DA:57,0
DA:58,0
DA:59,0
DA:60,0
DA:61,0
DA:62,0
DA:63,0
DA:64,0
DA:65,0
DA:66,0
DA:67,0
DA:68,0
DA:69,0
DA:70,0
DA:71,0
DA:72,0
DA:73,0
DA:75,0
DA:76,0
DA:77,0
DA:78,0
DA:79,0
DA:80,0
DA:81,0
DA:82,0
DA:83,0
DA:84,0
DA:85,0
DA:86,0
DA:87,0
DA:88,0
DA:89,0
DA:90,0
DA:91,0
DA:92,0
DA:93,0
DA:94,0
DA:96,0
DA:97,0
DA:98,0
DA:99,0
DA:100,0
DA:101,0
DA:102,0
DA:103,0
DA:104,0
DA:105,0
DA:106,0
DA:107,0
DA:108,0
DA:109,0
DA:110,0
DA:111,0
DA:112,0
DA:113,0
DA:114,0
DA:116,0
DA:117,0
DA:118,0
DA:119,0
DA:120,0
DA:121,0
DA:122,0
DA:123,0
DA:124,0
DA:125,0
DA:126,0
DA:127,0
DA:128,0
DA:129,0
DA:130,0
DA:131,0
DA:132,0
DA:133,0
DA:134,0
DA:135,0
DA:136,0
DA:137,0
DA:138,0
DA:140,0
DA:141,0
DA:142,0
DA:143,0
DA:144,0
DA:145,0
DA:146,0
DA:147,0
DA:148,0
DA:149,0
DA:150,0
DA:151,0
DA:152,0
DA:153,0
DA:154,0
DA:155,0
DA:156,0
DA:157,0
DA:158,0
DA:160,0
DA:161,0
DA:162,0
DA:163,0
DA:165,0
DA:166,0
DA:167,0
DA:168,0
DA:169,0
DA:171,0
DA:172,0
DA:173,0
DA:174,0
DA:176,0
DA:177,0
DA:178,0
DA:179,0
DA:181,0
DA:182,0
DA:183,0
DA:184,0
DA:186,0
DA:187,0
DA:188,0
DA:189,0
DA:191,0
DA:192,0
DA:193,0
DA:194,0
DA:195,0
DA:196,0
FN:199,System.Void CoBySi.Pomodoro.Repository.Migrations.CreateIdentitySchema::Down(Microsoft.EntityFrameworkCore.Migrations.MigrationBuilder)
FNDA:0,System.Void CoBySi.Pomodoro.Repository.Migrations.CreateIdentitySchema::Down(Microsoft.EntityFrameworkCore.Migrations.MigrationBuilder)
DA:200,0
DA:201,0
DA:202,0
DA:204,0
DA:205,0
DA:207,0
DA:208,0
DA:210,0
DA:211,0
DA:213,0
DA:214,0
DA:216,0
DA:217,0
DA:219,0
DA:220,0
DA:221,0
LF:186
LH:0
BRF:0
BRH:0
FNF:2
FNH:0
end_of_record
SF:c:\Users\simon\Documents\projects\pomodoroTimer\CoBySi.Pomodoro.Repository\Migrations\20250111151410_CreateIdentitySchema.Designer.cs
FN:19,System.Void CoBySi.Pomodoro.Repository.Migrations.CreateIdentitySchema::BuildTargetModel(Microsoft.EntityFrameworkCore.ModelBuilder)
FNDA:0,System.Void CoBySi.Pomodoro.Repository.Migrations.CreateIdentitySchema::BuildTargetModel(Microsoft.EntityFrameworkCore.ModelBuilder)
DA:20,0
DA:22,0
DA:23,0
DA:24,0
DA:26,0
DA:28,0
DA:29,0
DA:30,0
DA:31,0
DA:32,0
DA:33,0
DA:34,0
DA:35,0
DA:36,0
DA:37,0
DA:38,0
DA:39,0
DA:40,0
DA:41,0
DA:42,0
DA:43,0
DA:44,0
DA:45,0
DA:46,0
DA:47,0
DA:48,0
DA:49,0
DA:50,0
DA:51,0
DA:52,0
DA:53,0
DA:54,0
DA:55,0
DA:56,0
DA:57,0
DA:58,0
DA:59,0
DA:60,0
DA:61,0
DA:62,0
DA:63,0
DA:64,0
DA:65,0
DA:66,0
DA:67,0
DA:68,0
DA:69,0
DA:70,0
DA:71,0
DA:72,0
DA:73,0
DA:74,0
DA:75,0
DA:76,0
DA:77,0
DA:78,0
DA:79,0
DA:80,0
DA:81,0
DA:82,0
DA:83,0
DA:84,0
DA:85,0
DA:86,0
DA:87,0
DA:88,0
DA:89,0
DA:90,0
DA:92,0
DA:93,0
DA:94,0
DA:95,0
DA:96,0
DA:97,0
DA:98,0
DA:99,0
DA:100,0
DA:101,0
DA:102,0
DA:103,0
DA:104,0
DA:105,0
DA:106,0
DA:107,0
DA:108,0
DA:109,0
DA:110,0
DA:111,0
DA:112,0
DA:113,0
DA:114,0
DA:115,0
DA:116,0
DA:118,0
DA:119,0
DA:120,0
DA:121,0
DA:122,0
DA:123,0
DA:124,0
DA:125,0
DA:126,0
DA:127,0
DA:128,0
DA:129,0
DA:130,0
DA:131,0
DA:132,0
DA:133,0
DA:134,0
DA:135,0
DA:136,0
DA:137,0
DA:138,0
DA:139,0
DA:140,0
DA:141,0
DA:143,0
DA:144,0
DA:145,0
DA:146,0
DA:147,0
DA:148,0
DA:149,0
DA:150,0
DA:151,0
DA:152,0
DA:153,0
DA:154,0
DA:155,0
DA:156,0
DA:157,0
DA:158,0
DA:159,0
DA:160,0
DA:161,0
DA:162,0
DA:163,0
DA:164,0
DA:165,0
DA:166,0
DA:168,0
DA:169,0
DA:170,0
DA:171,0
DA:172,0
DA:173,0
DA:174,0
DA:175,0
DA:176,0
DA:177,0
DA:178,0
DA:179,0
DA:180,0
DA:181,0
DA:182,0
DA:183,0
DA:184,0
DA:185,0
DA:186,0
DA:187,0
DA:188,0
DA:190,0
DA:191,0
DA:192,0
DA:193,0
DA:194,0
DA:195,0
DA:196,0
DA:197,0
DA:198,0
DA:199,0
DA:200,0
DA:201,0
DA:202,0
DA:203,0
DA:205,0
DA:206,0
DA:207,0
DA:208,0
DA:209,0
DA:210,0
DA:211,0
DA:212,0
DA:213,0
DA:214,0
DA:215,0
DA:216,0
DA:217,0
DA:218,0
DA:219,0
DA:220,0
DA:221,0
DA:222,0
DA:224,0
DA:225,0
DA:226,0
DA:227,0
DA:228,0
DA:229,0
DA:230,0
DA:231,0
DA:233,0
DA:234,0
DA:235,0
DA:236,0
DA:237,0
DA:238,0
DA:239,0
DA:240,0
DA:242,0
DA:243,0
DA:244,0
DA:245,0
DA:246,0
DA:247,0
DA:248,0
DA:249,0
DA:251,0
DA:252,0
DA:253,0
DA:254,0
DA:255,0
DA:256,0
DA:257,0
DA:258,0
DA:259,0
DA:260,0
DA:261,0
DA:262,0
DA:263,0
DA:264,0
DA:266,0
DA:267,0
DA:268,0
DA:269,0
DA:270,0
DA:271,0
DA:272,0
DA:273,0
DA:275,0
LF:241
LH:0
BRF:0
BRH:0
FNF:1
FNH:0
end_of_record
SF:c:\Users\simon\Documents\projects\pomodoroTimer\CoBySi.Pomodoro.Repository\Migrations\PomodoroAuthModelSnapshot.cs
FN:16,System.Void CoBySi.Pomodoro.Repository.Migrations.PomodoroAuthModelSnapshot::BuildModel(Microsoft.EntityFrameworkCore.ModelBuilder)
FNDA:0,System.Void CoBySi.Pomodoro.Repository.Migrations.PomodoroAuthModelSnapshot::BuildModel(Microsoft.EntityFrameworkCore.ModelBuilder)
DA:17,0
DA:19,0
DA:20,0
DA:21,0
DA:23,0
DA:25,0
DA:26,0
DA:27,0
DA:28,0
DA:29,0
DA:30,0
DA:31,0
DA:32,0
DA:33,0
DA:34,0
DA:35,0
DA:36,0
DA:37,0
DA:38,0
DA:39,0
DA:40,0
DA:41,0
DA:42,0
DA:43,0
DA:44,0
DA:45,0
DA:46,0
DA:47,0
DA:48,0
DA:49,0
DA:50,0
DA:51,0
DA:52,0
DA:53,0
DA:54,0
DA:55,0
DA:56,0
DA:57,0
DA:58,0
DA:59,0
DA:60,0
DA:61,0
DA:62,0
DA:63,0
DA:64,0
DA:65,0
DA:66,0
DA:67,0
DA:68,0
DA:69,0
DA:70,0
DA:71,0
DA:72,0
DA:73,0
DA:74,0
DA:75,0
DA:76,0
DA:77,0
DA:78,0
DA:79,0
DA:80,0
DA:81,0
DA:82,0
DA:83,0
DA:84,0
DA:85,0
DA:86,0
DA:87,0
DA:89,0
DA:90,0
DA:91,0
DA:92,0
DA:93,0
DA:94,0
DA:95,0
DA:96,0
DA:97,0
DA:98,0
DA:99,0
DA:100,0
DA:101,0
DA:102,0
DA:103,0
DA:104,0
DA:105,0
DA:106,0
DA:107,0
DA:108,0
DA:109,0
DA:110,0
DA:111,0
DA:112,0
DA:113,0
DA:115,0
DA:116,0
DA:117,0
DA:118,0
DA:119,0
DA:120,0
DA:121,0
DA:122,0
DA:123,0
DA:124,0
DA:125,0
DA:126,0
DA:127,0
DA:128,0
DA:129,0
DA:130,0
DA:131,0
DA:132,0
DA:133,0
DA:134,0
DA:135,0
DA:136,0
DA:137,0
DA:138,0
DA:140,0
DA:141,0
DA:142,0
DA:143,0
DA:144,0
DA:145,0
DA:146,0
DA:147,0
DA:148,0
DA:149,0
DA:150,0
DA:151,0
DA:152,0
DA:153,0
DA:154,0
DA:155,0
DA:156,0
DA:157,0
DA:158,0
DA:159,0
DA:160,0
DA:161,0
DA:162,0
DA:163,0
DA:165,0
DA:166,0
DA:167,0
DA:168,0
DA:169,0
DA:170,0
DA:171,0
DA:172,0
DA:173,0
DA:174,0
DA:175,0
DA:176,0
DA:177,0
DA:178,0
DA:179,0
DA:180,0
DA:181,0
DA:182,0
DA:183,0
DA:184,0
DA:185,0
DA:187,0
DA:188,0
DA:189,0
DA:190,0
DA:191,0
DA:192,0
DA:193,0
DA:194,0
DA:195,0
DA:196,0
DA:197,0
DA:198,0
DA:199,0
DA:200,0
DA:202,0
DA:203,0
DA:204,0
DA:205,0
DA:206,0
DA:207,0
DA:208,0
DA:209,0
DA:210,0
DA:211,0
DA:212,0
DA:213,0
DA:214,0
DA:215,0
DA:216,0
DA:217,0
DA:218,0
DA:219,0
DA:221,0
DA:222,0
DA:223,0
DA:224,0
DA:225,0
DA:226,0
DA:227,0
DA:228,0
DA:230,0
DA:231,0
DA:232,0
DA:233,0
DA:234,0
DA:235,0
DA:236,0
DA:237,0
DA:239,0
DA:240,0
DA:241,0
DA:242,0
DA:243,0
DA:244,0
DA:245,0
DA:246,0
DA:248,0
DA:249,0
DA:250,0
DA:251,0
DA:252,0
DA:253,0
DA:254,0
DA:255,0
DA:256,0
DA:257,0
DA:258,0
DA:259,0
DA:260,0
DA:261,0
DA:263,0
DA:264,0
DA:265,0
DA:266,0
DA:267,0
DA:268,0
DA:269,0
DA:270,0
DA:272,0
LF:241
LH:0
BRF:0
BRH:0
FNF:1
FNH:0
end_of_record
SF:c:\Users\simon\Documents\projects\pomodoroTimer\CoBySi.Pomodoro.Repository\Identity\Data\PomodoroAuth.cs
FN:14,System.Void CoBySi.Pomodoro.Repository.Identity.Data.PomodoroAuth::OnModelCreating(Microsoft.EntityFrameworkCore.ModelBuilder)
FNDA:0,System.Void CoBySi.Pomodoro.Repository.Identity.Data.PomodoroAuth::OnModelCreating(Microsoft.EntityFrameworkCore.ModelBuilder)
DA:15,0
DA:16,0
DA:20,0
FN:9,System.Void CoBySi.Pomodoro.Repository.Identity.Data.PomodoroAuth::.ctor(Microsoft.EntityFrameworkCore.DbContextOptions`1<CoBySi.Pomodoro.Repository.Identity.Data.PomodoroAuth>)
FNDA:0,System.Void CoBySi.Pomodoro.Repository.Identity.Data.PomodoroAuth::.ctor(Microsoft.EntityFrameworkCore.DbContextOptions`1<CoBySi.Pomodoro.Repository.Identity.Data.PomodoroAuth>)
DA:10,0
DA:11,0
DA:12,0
LF:6
LH:0
BRF:0
BRH:0
FNF:2
FNH:0
end_of_record
SF:c:\Users\simon\Documents\projects\pomodoroTimer\CoBySi.Pomodoro.Web\Program.cs
FN:11,System.Void Program::<Main>$(System.String[])
FNDA:0,System.Void Program::<Main>$(System.String[])
DA:12,0
DA:13,0
DA:15,0
DA:18,0
DA:19,0
DA:20,0
DA:21,0
DA:23,0
DA:26,0
DA:27,0
DA:29,0
DA:30,0
DA:31,0
DA:33,0
DA:34,0
DA:35,0
DA:36,0
DA:37,0
DA:38,0
DA:39,0
DA:41,0
DA:43,0
DA:45,0
DA:47,0
DA:49,0
DA:51,0
DA:52,0
DA:53,0
DA:54,0
DA:55,0
DA:56,0
DA:58,0
DA:59,0
DA:60,0
DA:61,0
DA:63,0
DA:65,0
DA:68,0
DA:69,0
DA:70,0
DA:72,0
DA:73,0
DA:75,0
DA:77,0
DA:79,0
DA:80,0
DA:82,0
DA:83,0
DA:84,0
DA:86,0
DA:88,0
BRDA:13,31,0,0
BRDA:13,31,1,0
BRDA:68,448,0,0
BRDA:68,448,1,0
LF:51
LH:0
BRF:4
BRH:0
FNF:1
FNH:0
end_of_record
SF:c:\Users\simon\Documents\projects\pomodoroTimer\CoBySi.Pomodoro.Web\Settings\ApplicationSettings.cs
FN:4,CoBySi.Pomodoro.PomodoroSettings CoBySi.Pomodoro.Web.Settings.ApplicationSettings::get_PomodoroSettings()
FNDA:0,CoBySi.Pomodoro.PomodoroSettings CoBySi.Pomodoro.Web.Settings.ApplicationSettings::get_PomodoroSettings()
DA:5,0
LF:1
LH:0
BRF:0
BRH:0
FNF:1
FNH:0
end_of_record
SF:c:\Users\simon\Documents\projects\pomodoroTimer\CoBySi.Pomodoro.Web\PomodoroProperties\PomdoroPropertiesHandler.cs
FN:10,System.Void CoBySi.Pomodoro.Web.PomodoroProperties.PomdoroPropertiesHandler::.ctor(CoBySi.Pomodoro.PomodoroSettings,CoBySi.Pomodoro.Repository.IUserSettingsRepository)
FNDA:0,System.Void CoBySi.Pomodoro.Web.PomodoroProperties.PomdoroPropertiesHandler::.ctor(CoBySi.Pomodoro.PomodoroSettings,CoBySi.Pomodoro.Repository.IUserSettingsRepository)
DA:11,0
DA:12,0
DA:13,0
DA:14,0
DA:15,0
FN:17,System.Void CoBySi.Pomodoro.Web.PomodoroProperties.PomdoroPropertiesHandler/<GetPomodoroPropertiesAsync>d__3::MoveNext()
FNDA:0,System.Void CoBySi.Pomodoro.Web.PomodoroProperties.PomdoroPropertiesHandler/<GetPomodoroPropertiesAsync>d__3::MoveNext()
DA:18,0
DA:19,0
DA:20,0
DA:22,0
DA:23,0
DA:24,0
DA:26,0
DA:27,0
BRDA:19,33,0,0
BRDA:19,33,1,0
BRDA:23,202,0,0
BRDA:23,202,1,0
LF:13
LH:0
BRF:4
BRH:0
FNF:2
FNH:0
end_of_record
SF:c:\Users\simon\Documents\projects\pomodoroTimer\CoBySi.Pomodoro.Web\Converter\SettingsConverter.cs
FN:12,CoBySi.Pomodoro.PomodoroSettings CoBySi.Pomodoro.Web.Converter.SettingsConverter::ConvertToPomodoroSettings(CoBySi.Pomodoro.Repository.Models.UserPomodoroSettingsEntity)
FNDA:0,CoBySi.Pomodoro.PomodoroSettings CoBySi.Pomodoro.Web.Converter.SettingsConverter::ConvertToPomodoroSettings(CoBySi.Pomodoro.Repository.Models.UserPomodoroSettingsEntity)
DA:13,0
DA:14,0
DA:15,0
DA:16,0
DA:17,0
DA:18,0
DA:19,0
DA:20,0
DA:21,0
LF:9
LH:0
BRF:0
BRH:0
FNF:1
FNH:0
end_of_record
SF:c:\Users\simon\Documents\projects\pomodoroTimer\CoBySi.Pomodoro.Web\Components\Layout\NavMenu.razor
FN:48,System.Void CoBySi.Pomodoro.Web.Components.Layout.NavMenu::OnInitialized()
FNDA:0,System.Void CoBySi.Pomodoro.Web.Components.Layout.NavMenu::OnInitialized()
DA:49,0
DA:50,0
DA:51,0
DA:53,0
FN:55,System.Void CoBySi.Pomodoro.Web.Components.Layout.NavMenu::OnLocationChanged(System.Object,Microsoft.AspNetCore.Components.Routing.LocationChangedEventArgs)
FNDA:0,System.Void CoBySi.Pomodoro.Web.Components.Layout.NavMenu::OnLocationChanged(System.Object,Microsoft.AspNetCore.Components.Routing.LocationChangedEventArgs)
DA:56,0
DA:57,0
DA:58,0
DA:59,0
FN:61,System.Void CoBySi.Pomodoro.Web.Components.Layout.NavMenu::Dispose()
FNDA:0,System.Void CoBySi.Pomodoro.Web.Components.Layout.NavMenu::Dispose()
DA:62,0
DA:63,0
DA:64,0
LF:11
LH:0
BRF:0
BRH:0
FNF:3
FNH:0
end_of_record
SF:c:\Users\simon\Documents\projects\pomodoroTimer\CoBySi.Pomodoro.Web\Components\Pages\Error.razor
FN:8,System.Void CoBySi.Pomodoro.Web.Components.Pages.Error::BuildRenderTree(Microsoft.AspNetCore.Components.Rendering.RenderTreeBuilder)
FNDA:0,System.Void CoBySi.Pomodoro.Web.Components.Pages.Error::BuildRenderTree(Microsoft.AspNetCore.Components.Rendering.RenderTreeBuilder)
DA:9,0
DA:10,0
DA:14,0
BRDA:9,107,0,0
BRDA:9,107,1,0
FN:28,Microsoft.AspNetCore.Http.HttpContext CoBySi.Pomodoro.Web.Components.Pages.Error::get_HttpContext()
FNDA:0,Microsoft.AspNetCore.Http.HttpContext CoBySi.Pomodoro.Web.Components.Pages.Error::get_HttpContext()
DA:29,0
FN:30,System.String CoBySi.Pomodoro.Web.Components.Pages.Error::get_RequestId()
FNDA:0,System.String CoBySi.Pomodoro.Web.Components.Pages.Error::get_RequestId()
DA:31,0
FN:31,System.Boolean CoBySi.Pomodoro.Web.Components.Pages.Error::get_ShowRequestId()
FNDA:0,System.Boolean CoBySi.Pomodoro.Web.Components.Pages.Error::get_ShowRequestId()
DA:32,0
FN:34,System.Void CoBySi.Pomodoro.Web.Components.Pages.Error::OnInitialized()
FNDA:0,System.Void CoBySi.Pomodoro.Web.Components.Pages.Error::OnInitialized()
DA:35,0
BRDA:35,7,0,0
BRDA:35,7,1,0
BRDA:35,19,0,0
BRDA:35,29,0,0
BRDA:35,29,1,0
BRDA:35,19,1,0
LF:7
LH:0
BRF:8
BRH:0
FNF:5
FNH:0
end_of_record
SF:c:\Users\simon\Documents\projects\pomodoroTimer\CoBySi.Pomodoro.Web\Components\Pages\Pomodoro.razor
FN:46,System.Void CoBySi.Pomodoro.Web.Components.Pages.Pomodoro::StartPomdoro()
FNDA:0,System.Void CoBySi.Pomodoro.Web.Components.Pages.Pomodoro::StartPomdoro()
DA:47,0
DA:48,0
DA:49,0
DA:50,0
BRDA:48,8,0,0
BRDA:48,8,1,0
FN:52,System.Void CoBySi.Pomodoro.Web.Components.Pages.Pomodoro::StopPomodoro()
FNDA:0,System.Void CoBySi.Pomodoro.Web.Components.Pages.Pomodoro::StopPomodoro()
DA:53,0
DA:54,0
DA:55,0
DA:56,0
BRDA:54,8,0,0
BRDA:54,8,1,0
FN:58,System.Void CoBySi.Pomodoro.Web.Components.Pages.Pomodoro::StartListeners()
FNDA:0,System.Void CoBySi.Pomodoro.Web.Components.Pages.Pomodoro::StartListeners()
DA:59,0
DA:60,0
DA:61,0
DA:63,0
DA:64,0
DA:65,0
BRDA:60,12,0,0
BRDA:60,12,1,0
FN:66,System.Void CoBySi.Pomodoro.Web.Components.Pages.Pomodoro::StopListeners()
FNDA:0,System.Void CoBySi.Pomodoro.Web.Components.Pages.Pomodoro::StopListeners()
DA:67,0
DA:68,0
DA:69,0
DA:71,0
DA:72,0
DA:73,0
BRDA:68,12,0,0
BRDA:68,12,1,0
FN:74,System.Void CoBySi.Pomodoro.Web.Components.Pages.Pomodoro::PomodorHandler_ElapsedTimeChanged(System.Object,CoBySi.Pomodoro.Timer.TimeChangedEventArgs)
FNDA:0,System.Void CoBySi.Pomodoro.Web.Components.Pages.Pomodoro::PomodorHandler_ElapsedTimeChanged(System.Object,CoBySi.Pomodoro.Timer.TimeChangedEventArgs)
DA:75,0
DA:76,0
DA:77,0
DA:78,0
FN:80,System.Void CoBySi.Pomodoro.Web.Components.Pages.Pomodoro::PomodorHandler_TimerFinished(System.Object,CoBySi.Pomodoro.Timer.TimerFinishedEventArgs)
FNDA:0,System.Void CoBySi.Pomodoro.Web.Components.Pages.Pomodoro::PomodorHandler_TimerFinished(System.Object,CoBySi.Pomodoro.Timer.TimerFinishedEventArgs)
DA:81,0
DA:82,0
DA:83,0
DA:86,0
DA:87,0
DA:89,0
DA:90,0
DA:91,0
DA:93,0
DA:94,0
DA:96,0
DA:97,0
BRDA:83,18,1,0
BRDA:83,18,2,0
BRDA:83,18,3,0
BRDA:83,18,0,0
FN:99,System.Void CoBySi.Pomodoro.Web.Components.Pages.Pomodoro::PomodoroFinished()
FNDA:0,System.Void CoBySi.Pomodoro.Web.Components.Pages.Pomodoro::PomodoroFinished()
DA:100,0
DA:101,0
DA:102,0
DA:103,0
DA:104,0
DA:105,0
DA:106,0
DA:107,0
BRDA:101,14,0,0
BRDA:101,14,1,0
BRDA:101,61,0,0
BRDA:101,61,1,0
FN:108,System.String CoBySi.Pomodoro.Web.Components.Pages.Pomodoro::ConvertTimeSpanToMinutesSeconds(System.Nullable`1<System.Double>)
FNDA:0,System.String CoBySi.Pomodoro.Web.Components.Pages.Pomodoro::ConvertTimeSpanToMinutesSeconds(System.Nullable`1<System.Double>)
DA:109,0
DA:110,0
DA:111,0
DA:113,0
DA:114,0
DA:115,0
BRDA:110,13,0,0
BRDA:110,13,1,0
FN:117,System.Void CoBySi.Pomodoro.Web.Components.Pages.Pomodoro::ChangePomodoroState(CoBySi.Pomodoro.Timer.PomodoroState,CoBySi.Pomodoro.PomodoroSettings)
FNDA:0,System.Void CoBySi.Pomodoro.Web.Components.Pages.Pomodoro::ChangePomodoroState(CoBySi.Pomodoro.Timer.PomodoroState,CoBySi.Pomodoro.PomodoroSettings)
DA:118,0
DA:119,0
DA:120,0
DA:122,0
DA:123,0
DA:124,0
BRDA:119,7,0,0
BRDA:119,7,1,0
BRDA:123,36,0,0
BRDA:123,36,1,0
FN:126,System.String CoBySi.Pomodoro.Web.Components.Pages.Pomodoro::GetTotalNumberOfSeconds(CoBySi.Pomodoro.Timer.PomodoroState,CoBySi.Pomodoro.PomodoroSettings)
FNDA:0,System.String CoBySi.Pomodoro.Web.Components.Pages.Pomodoro::GetTotalNumberOfSeconds(CoBySi.Pomodoro.Timer.PomodoroState,CoBySi.Pomodoro.PomodoroSettings)
DA:127,0
DA:128,0
DA:129,0
DA:132,0
DA:133,0
DA:134,0
DA:136,0
DA:137,0
DA:138,0
DA:140,0
DA:141,0
DA:142,0
DA:144,0
DA:145,0
BRDA:129,8,1,0
BRDA:129,8,2,0
BRDA:129,8,3,0
BRDA:129,8,0,0
FN:25,System.Void CoBySi.Pomodoro.Web.Components.Pages.Pomodoro::.ctor(CoBySi.Pomodoro.Web.PomodoroProperties.IPomdoroPropertiesHandler)
FNDA:0,System.Void CoBySi.Pomodoro.Web.Components.Pages.Pomodoro::.ctor(CoBySi.Pomodoro.Web.PomodoroProperties.IPomdoroPropertiesHandler)
DA:26,0
DA:31,0
DA:32,0
DA:33,0
DA:34,0
FN:36,System.Void CoBySi.Pomodoro.Web.Components.Pages.Pomodoro/<OnInitializedAsync>d__8::MoveNext()
FNDA:0,System.Void CoBySi.Pomodoro.Web.Components.Pages.Pomodoro/<OnInitializedAsync>d__8::MoveNext()
DA:37,0
DA:38,0
DA:39,0
DA:41,0
DA:42,0
DA:43,0
DA:44,0
DA:45,0
BRDA:38,31,0,0
BRDA:38,31,1,0
LF:83
LH:0
BRF:28
BRH:0
FNF:12
FNH:0
end_of_record
SF:c:\Users\simon\Documents\projects\pomodoroTimer\CoBySi.Pomodoro.Web\Components\Account\IdentityNoOpEmailSender.cs
FN:12,System.Threading.Tasks.Task CoBySi.Pomodoro.Web.Components.Account.IdentityNoOpEmailSender::SendConfirmationLinkAsync(CoBySi.Pomodoro.Repository.Identity.Data.PomodoroUser,System.String,System.String)
FNDA:0,System.Threading.Tasks.Task CoBySi.Pomodoro.Web.Components.Account.IdentityNoOpEmailSender::SendConfirmationLinkAsync(CoBySi.Pomodoro.Repository.Identity.Data.PomodoroUser,System.String,System.String)
DA:13,0
FN:15,System.Threading.Tasks.Task CoBySi.Pomodoro.Web.Components.Account.IdentityNoOpEmailSender::SendPasswordResetLinkAsync(CoBySi.Pomodoro.Repository.Identity.Data.PomodoroUser,System.String,System.String)
FNDA:0,System.Threading.Tasks.Task CoBySi.Pomodoro.Web.Components.Account.IdentityNoOpEmailSender::SendPasswordResetLinkAsync(CoBySi.Pomodoro.Repository.Identity.Data.PomodoroUser,System.String,System.String)
DA:16,0
FN:18,System.Threading.Tasks.Task CoBySi.Pomodoro.Web.Components.Account.IdentityNoOpEmailSender::SendPasswordResetCodeAsync(CoBySi.Pomodoro.Repository.Identity.Data.PomodoroUser,System.String,System.String)
FNDA:0,System.Threading.Tasks.Task CoBySi.Pomodoro.Web.Components.Account.IdentityNoOpEmailSender::SendPasswordResetCodeAsync(CoBySi.Pomodoro.Repository.Identity.Data.PomodoroUser,System.String,System.String)
DA:19,0
FN:9,System.Void CoBySi.Pomodoro.Web.Components.Account.IdentityNoOpEmailSender::.ctor()
FNDA:0,System.Void CoBySi.Pomodoro.Web.Components.Account.IdentityNoOpEmailSender::.ctor()
DA:10,0
LF:4
LH:0
BRF:0
BRH:0
FNF:4
FNH:0
end_of_record
SF:c:\Users\simon\Documents\projects\pomodoroTimer\CoBySi.Pomodoro.Web\Components\Account\IdentityRedirectManager.cs
FN:19,System.Void CoBySi.Pomodoro.Web.Components.Account.IdentityRedirectManager::RedirectTo(System.String)
FNDA:0,System.Void CoBySi.Pomodoro.Web.Components.Account.IdentityRedirectManager::RedirectTo(System.String)
DA:20,0
DA:21,0
DA:24,0
DA:25,0
DA:26,0
DA:27,0
DA:31,0
DA:32,0
BRDA:21,2,0,0
BRDA:21,2,1,0
BRDA:24,23,0,0
BRDA:24,23,1,0
FN:36,System.Void CoBySi.Pomodoro.Web.Components.Account.IdentityRedirectManager::RedirectTo(System.String,System.Collections.Generic.Dictionary`2<System.String,System.Object>)
FNDA:0,System.Void CoBySi.Pomodoro.Web.Components.Account.IdentityRedirectManager::RedirectTo(System.String,System.Collections.Generic.Dictionary`2<System.String,System.Object>)
DA:37,0
DA:38,0
DA:39,0
DA:40,0
DA:41,0
FN:44,System.Void CoBySi.Pomodoro.Web.Components.Account.IdentityRedirectManager::RedirectToWithStatus(System.String,System.String,Microsoft.AspNetCore.Http.HttpContext)
FNDA:0,System.Void CoBySi.Pomodoro.Web.Components.Account.IdentityRedirectManager::RedirectToWithStatus(System.String,System.String,Microsoft.AspNetCore.Http.HttpContext)
DA:45,0
DA:46,0
DA:47,0
DA:48,0
FN:49,System.String CoBySi.Pomodoro.Web.Components.Account.IdentityRedirectManager::get_CurrentPath()
FNDA:0,System.String CoBySi.Pomodoro.Web.Components.Account.IdentityRedirectManager::get_CurrentPath()
DA:50,0
FN:52,System.Void CoBySi.Pomodoro.Web.Components.Account.IdentityRedirectManager::RedirectToCurrentPage()
FNDA:0,System.Void CoBySi.Pomodoro.Web.Components.Account.IdentityRedirectManager::RedirectToCurrentPage()
DA:53,0
FN:56,System.Void CoBySi.Pomodoro.Web.Components.Account.IdentityRedirectManager::RedirectToCurrentPageWithStatus(System.String,Microsoft.AspNetCore.Http.HttpContext)
FNDA:0,System.Void CoBySi.Pomodoro.Web.Components.Account.IdentityRedirectManager::RedirectToCurrentPageWithStatus(System.String,Microsoft.AspNetCore.Http.HttpContext)
DA:57,0
FN:5,System.Void CoBySi.Pomodoro.Web.Components.Account.IdentityRedirectManager::.ctor(Microsoft.AspNetCore.Components.NavigationManager)
FNDA:0,System.Void CoBySi.Pomodoro.Web.Components.Account.IdentityRedirectManager::.ctor(Microsoft.AspNetCore.Components.NavigationManager)
DA:6,0
FN:9,System.Void CoBySi.Pomodoro.Web.Components.Account.IdentityRedirectManager::.cctor()
FNDA:0,System.Void CoBySi.Pomodoro.Web.Components.Account.IdentityRedirectManager::.cctor()
DA:10,0
DA:11,0
DA:12,0
DA:13,0
DA:14,0
DA:15,0
DA:16,0
LF:28
LH:0
BRF:4
BRH:0
FNF:8
FNH:0
end_of_record
SF:c:\Users\simon\Documents\projects\pomodoroTimer\CoBySi.Pomodoro.Web\Components\Account\IdentityRevalidatingAuthenticationStateProvider.cs
FN:17,System.TimeSpan CoBySi.Pomodoro.Web.Components.Account.IdentityRevalidatingAuthenticationStateProvider::get_RevalidationInterval()
FNDA:0,System.TimeSpan CoBySi.Pomodoro.Web.Components.Account.IdentityRevalidatingAuthenticationStateProvider::get_RevalidationInterval()
DA:18,0
FN:15,System.Void CoBySi.Pomodoro.Web.Components.Account.IdentityRevalidatingAuthenticationStateProvider::.ctor(Microsoft.Extensions.Logging.ILoggerFactory,Microsoft.Extensions.DependencyInjection.IServiceScopeFactory,Microsoft.Extensions.Options.IOptions`1<Microsoft.AspNetCore.Identity.IdentityOptions>)
FNDA:0,System.Void CoBySi.Pomodoro.Web.Components.Account.IdentityRevalidatingAuthenticationStateProvider::.ctor(Microsoft.Extensions.Logging.ILoggerFactory,Microsoft.Extensions.DependencyInjection.IServiceScopeFactory,Microsoft.Extensions.Options.IOptions`1<Microsoft.AspNetCore.Identity.IdentityOptions>)
DA:16,0
FN:21,System.Void CoBySi.Pomodoro.Web.Components.Account.IdentityRevalidatingAuthenticationStateProvider/<ValidateAuthenticationStateAsync>d__5::MoveNext()
FNDA:0,System.Void CoBySi.Pomodoro.Web.Components.Account.IdentityRevalidatingAuthenticationStateProvider/<ValidateAuthenticationStateAsync>d__5::MoveNext()
DA:22,0
DA:24,0
DA:25,0
DA:26,0
DA:27,0
FN:29,System.Void CoBySi.Pomodoro.Web.Components.Account.IdentityRevalidatingAuthenticationStateProvider/<ValidateSecurityStampAsync>d__6::MoveNext()
FNDA:0,System.Void CoBySi.Pomodoro.Web.Components.Account.IdentityRevalidatingAuthenticationStateProvider/<ValidateSecurityStampAsync>d__6::MoveNext()
DA:30,0
DA:31,0
DA:32,0
DA:33,0
DA:34,0
DA:36,0
DA:37,0
DA:38,0
DA:41,0
DA:42,0
DA:43,0
DA:44,0
DA:46,0
BRDA:32,170,0,0
BRDA:32,170,1,0
BRDA:36,198,0,0
BRDA:36,198,1,0
LF:20
LH:0
BRF:4
BRH:0
FNF:4
FNH:0
end_of_record
SF:c:\Users\simon\Documents\projects\pomodoroTimer\CoBySi.Pomodoro.Web\Components\Account\IdentityUserAccessor.cs
FN:5,System.Void CoBySi.Pomodoro.Web.Components.Account.IdentityUserAccessor::.ctor(Microsoft.AspNetCore.Identity.UserManager`1<CoBySi.Pomodoro.Repository.Identity.Data.PomodoroUser>,CoBySi.Pomodoro.Web.Components.Account.IdentityRedirectManager)
FNDA:0,System.Void CoBySi.Pomodoro.Web.Components.Account.IdentityUserAccessor::.ctor(Microsoft.AspNetCore.Identity.UserManager`1<CoBySi.Pomodoro.Repository.Identity.Data.PomodoroUser>,CoBySi.Pomodoro.Web.Components.Account.IdentityRedirectManager)
DA:6,0
FN:8,System.Void CoBySi.Pomodoro.Web.Components.Account.IdentityUserAccessor/<GetRequiredUserAsync>d__3::MoveNext()
FNDA:0,System.Void CoBySi.Pomodoro.Web.Components.Account.IdentityUserAccessor/<GetRequiredUserAsync>d__3::MoveNext()
DA:9,0
DA:10,0
DA:12,0
DA:13,0
DA:14,0
DA:15,0
DA:17,0
DA:18,0
BRDA:12,169,0,0
BRDA:12,169,1,0
LF:9
LH:0
BRF:2
BRH:0
FNF:2
FNH:0
end_of_record
SF:c:\Users\simon\Documents\projects\pomodoroTimer\CoBySi.Pomodoro.Web\Components\Account\Shared\AccountLayout.razor
FN:4,System.Void CoBySi.Pomodoro.Web.Components.Account.Shared.AccountLayout::BuildRenderTree(Microsoft.AspNetCore.Components.Rendering.RenderTreeBuilder)
FNDA:0,System.Void CoBySi.Pomodoro.Web.Components.Account.Shared.AccountLayout::BuildRenderTree(Microsoft.AspNetCore.Components.Rendering.RenderTreeBuilder)
DA:5,0
DA:6,0
DA:8,0
DA:10,0
DA:12,0
BRDA:5,12,0,0
BRDA:5,12,1,0
FN:15,Microsoft.AspNetCore.Http.HttpContext CoBySi.Pomodoro.Web.Components.Account.Shared.AccountLayout::get_HttpContext()
FNDA:0,Microsoft.AspNetCore.Http.HttpContext CoBySi.Pomodoro.Web.Components.Account.Shared.AccountLayout::get_HttpContext()
DA:16,0
FN:18,System.Void CoBySi.Pomodoro.Web.Components.Account.Shared.AccountLayout::OnParametersSet()
FNDA:0,System.Void CoBySi.Pomodoro.Web.Components.Account.Shared.AccountLayout::OnParametersSet()
DA:19,0
DA:20,0
DA:21,0
DA:25,0
DA:26,0
DA:27,0
BRDA:20,12,0,0
BRDA:20,12,1,0
LF:12
LH:0
BRF:4
BRH:0
FNF:3
FNH:0
end_of_record
SF:c:\Users\simon\Documents\projects\pomodoroTimer\CoBySi.Pomodoro.Web\Components\Account\Shared\ExternalLoginPicker.razor
FN:7,System.Void CoBySi.Pomodoro.Web.Components.Account.Shared.ExternalLoginPicker::BuildRenderTree(Microsoft.AspNetCore.Components.Rendering.RenderTreeBuilder)
FNDA:0,System.Void CoBySi.Pomodoro.Web.Components.Account.Shared.ExternalLoginPicker::BuildRenderTree(Microsoft.AspNetCore.Components.Rendering.RenderTreeBuilder)
DA:8,0
DA:9,0
DA:17,0
DA:19,0
DA:25,0
DA:26,0
DA:29,0
DA:33,0
BRDA:8,13,0,0
BRDA:8,13,1,0
BRDA:25,427,1,0
BRDA:25,427,0,0
FN:38,System.String CoBySi.Pomodoro.Web.Components.Account.Shared.ExternalLoginPicker::get_ReturnUrl()
FNDA:0,System.String CoBySi.Pomodoro.Web.Components.Account.Shared.ExternalLoginPicker::get_ReturnUrl()
DA:39,0
FN:35,System.Void CoBySi.Pomodoro.Web.Components.Account.Shared.ExternalLoginPicker::.ctor()
FNDA:0,System.Void CoBySi.Pomodoro.Web.Components.Account.Shared.ExternalLoginPicker::.ctor()
DA:36,0
FN:41,System.Void CoBySi.Pomodoro.Web.Components.Account.Shared.ExternalLoginPicker/<OnInitializedAsync>d__6::MoveNext()
FNDA:0,System.Void CoBySi.Pomodoro.Web.Components.Account.Shared.ExternalLoginPicker/<OnInitializedAsync>d__6::MoveNext()
DA:42,0
DA:43,0
DA:44,0
LF:13
LH:0
BRF:4
BRH:0
FNF:4
FNH:0
end_of_record
SF:c:\Users\simon\Documents\projects\pomodoroTimer\CoBySi.Pomodoro.Web\Components\Account\Shared\ManageNavMenu.razor
FN:15,System.Void CoBySi.Pomodoro.Web.Components.Account.Shared.ManageNavMenu::BuildRenderTree(Microsoft.AspNetCore.Components.Rendering.RenderTreeBuilder)
FNDA:0,System.Void CoBySi.Pomodoro.Web.Components.Account.Shared.ManageNavMenu::BuildRenderTree(Microsoft.AspNetCore.Components.Rendering.RenderTreeBuilder)
DA:16,0
DA:17,0
DA:21,0
BRDA:16,503,0,0
BRDA:16,503,1,0
FN:33,System.Void CoBySi.Pomodoro.Web.Components.Account.Shared.ManageNavMenu/<OnInitializedAsync>d__2::MoveNext()
FNDA:0,System.Void CoBySi.Pomodoro.Web.Components.Account.Shared.ManageNavMenu/<OnInitializedAsync>d__2::MoveNext()
DA:34,0
DA:35,0
DA:36,0
LF:6
LH:0
BRF:2
BRH:0
FNF:2
FNH:0
end_of_record
SF:c:\Users\simon\Documents\projects\pomodoroTimer\CoBySi.Pomodoro.Web\Components\Account\Shared\RedirectToLogin.razor
FN:4,System.Void CoBySi.Pomodoro.Web.Components.Account.Shared.RedirectToLogin::OnInitialized()
FNDA:0,System.Void CoBySi.Pomodoro.Web.Components.Account.Shared.RedirectToLogin::OnInitialized()
DA:5,0
DA:6,0
DA:7,0
LF:3
LH:0
BRF:0
BRH:0
FNF:1
FNH:0
end_of_record
SF:c:\Users\simon\Documents\projects\pomodoroTimer\CoBySi.Pomodoro.Web\Components\Account\Shared\ShowRecoveryCodes.razor
FN:12,System.Void CoBySi.Pomodoro.Web.Components.Account.Shared.ShowRecoveryCodes::BuildRenderTree(Microsoft.AspNetCore.Components.Rendering.RenderTreeBuilder)
FNDA:0,System.Void CoBySi.Pomodoro.Web.Components.Account.Shared.ShowRecoveryCodes::BuildRenderTree(Microsoft.AspNetCore.Components.Rendering.RenderTreeBuilder)
DA:13,0
DA:14,0
DA:18,0
BRDA:13,238,1,0
BRDA:13,238,0,0
FN:23,System.String[] CoBySi.Pomodoro.Web.Components.Account.Shared.ShowRecoveryCodes::get_RecoveryCodes()
FNDA:0,System.String[] CoBySi.Pomodoro.Web.Components.Account.Shared.ShowRecoveryCodes::get_RecoveryCodes()
DA:24,0
FN:26,System.String CoBySi.Pomodoro.Web.Components.Account.Shared.ShowRecoveryCodes::get_StatusMessage()
FNDA:0,System.String CoBySi.Pomodoro.Web.Components.Account.Shared.ShowRecoveryCodes::get_StatusMessage()
DA:27,0
LF:5
LH:0
BRF:2
BRH:0
FNF:3
FNH:0
end_of_record
SF:c:\Users\simon\Documents\projects\pomodoroTimer\CoBySi.Pomodoro.Web\Components\Account\Shared\StatusMessage.razor
FN:0,System.Void CoBySi.Pomodoro.Web.Components.Account.Shared.StatusMessage::BuildRenderTree(Microsoft.AspNetCore.Components.Rendering.RenderTreeBuilder)
FNDA:0,System.Void CoBySi.Pomodoro.Web.Components.Account.Shared.StatusMessage::BuildRenderTree(Microsoft.AspNetCore.Components.Rendering.RenderTreeBuilder)
DA:1,0
DA:2,0
DA:3,0
DA:7,0
BRDA:1,17,0,0
BRDA:3,36,0,0
BRDA:3,36,1,0
BRDA:1,17,1,0
FN:12,System.String CoBySi.Pomodoro.Web.Components.Account.Shared.StatusMessage::get_Message()
FNDA:0,System.String CoBySi.Pomodoro.Web.Components.Account.Shared.StatusMessage::get_Message()
DA:13,0
FN:15,Microsoft.AspNetCore.Http.HttpContext CoBySi.Pomodoro.Web.Components.Account.Shared.StatusMessage::get_HttpContext()
FNDA:0,Microsoft.AspNetCore.Http.HttpContext CoBySi.Pomodoro.Web.Components.Account.Shared.StatusMessage::get_HttpContext()
DA:16,0
FN:17,System.String CoBySi.Pomodoro.Web.Components.Account.Shared.StatusMessage::get_DisplayMessage()
FNDA:0,System.String CoBySi.Pomodoro.Web.Components.Account.Shared.StatusMessage::get_DisplayMessage()
DA:18,0
BRDA:18,7,0,0
BRDA:18,7,1,0
FN:20,System.Void CoBySi.Pomodoro.Web.Components.Account.Shared.StatusMessage::OnInitialized()
FNDA:0,System.Void CoBySi.Pomodoro.Web.Components.Account.Shared.StatusMessage::OnInitialized()
DA:21,0
DA:22,0
DA:24,0
DA:25,0
DA:26,0
DA:27,0
DA:28,0
BRDA:24,47,0,0
BRDA:24,47,1,0
LF:14
LH:0
BRF:8
BRH:0
FNF:5
FNH:0
end_of_record
SF:c:\Users\simon\Documents\projects\pomodoroTimer\CoBySi.Pomodoro.Web\Components\Account\Pages\ConfirmEmail.razor
FN:19,Microsoft.AspNetCore.Http.HttpContext CoBySi.Pomodoro.Web.Components.Account.Pages.ConfirmEmail::get_HttpContext()
FNDA:0,Microsoft.AspNetCore.Http.HttpContext CoBySi.Pomodoro.Web.Components.Account.Pages.ConfirmEmail::get_HttpContext()
DA:20,0
FN:22,System.String CoBySi.Pomodoro.Web.Components.Account.Pages.ConfirmEmail::get_UserId()
FNDA:0,System.String CoBySi.Pomodoro.Web.Components.Account.Pages.ConfirmEmail::get_UserId()
DA:23,0
FN:25,System.String CoBySi.Pomodoro.Web.Components.Account.Pages.ConfirmEmail::get_Code()
FNDA:0,System.String CoBySi.Pomodoro.Web.Components.Account.Pages.ConfirmEmail::get_Code()
DA:26,0
FN:28,System.Void CoBySi.Pomodoro.Web.Components.Account.Pages.ConfirmEmail/<OnInitializedAsync>d__14::MoveNext()
FNDA:0,System.Void CoBySi.Pomodoro.Web.Components.Account.Pages.ConfirmEmail/<OnInitializedAsync>d__14::MoveNext()
DA:29,0
DA:30,0
DA:31,0
DA:32,0
DA:33,0
DA:35,0
DA:36,0
DA:37,0
DA:38,0
DA:39,0
DA:40,0
DA:42,0
DA:43,0
DA:44,0
DA:45,0
DA:46,0
DA:47,0
BRDA:30,40,0,0
BRDA:30,40,1,0
BRDA:30,61,0,0
BRDA:30,61,1,0
BRDA:36,241,0,0
BRDA:36,241,1,0
BRDA:45,504,0,0
BRDA:45,504,1,0
LF:20
LH:0
BRF:8
BRH:0
FNF:4
FNH:0
end_of_record
SF:c:\Users\simon\Documents\projects\pomodoroTimer\CoBySi.Pomodoro.Web\Components\Account\Pages\ConfirmEmailChange.razor
FN:21,Microsoft.AspNetCore.Http.HttpContext CoBySi.Pomodoro.Web.Components.Account.Pages.ConfirmEmailChange::get_HttpContext()
FNDA:0,Microsoft.AspNetCore.Http.HttpContext CoBySi.Pomodoro.Web.Components.Account.Pages.ConfirmEmailChange::get_HttpContext()
DA:22,0
FN:24,System.String CoBySi.Pomodoro.Web.Components.Account.Pages.ConfirmEmailChange::get_UserId()
FNDA:0,System.String CoBySi.Pomodoro.Web.Components.Account.Pages.ConfirmEmailChange::get_UserId()
DA:25,0
FN:27,System.String CoBySi.Pomodoro.Web.Components.Account.Pages.ConfirmEmailChange::get_Email()
FNDA:0,System.String CoBySi.Pomodoro.Web.Components.Account.Pages.ConfirmEmailChange::get_Email()
DA:28,0
FN:30,System.String CoBySi.Pomodoro.Web.Components.Account.Pages.ConfirmEmailChange::get_Code()
FNDA:0,System.String CoBySi.Pomodoro.Web.Components.Account.Pages.ConfirmEmailChange::get_Code()
DA:31,0
FN:33,System.Void CoBySi.Pomodoro.Web.Components.Account.Pages.ConfirmEmailChange/<OnInitializedAsync>d__18::MoveNext()
FNDA:0,System.Void CoBySi.Pomodoro.Web.Components.Account.Pages.ConfirmEmailChange/<OnInitializedAsync>d__18::MoveNext()
DA:34,0
DA:35,0
DA:36,0
DA:37,0
DA:38,0
DA:39,0
DA:41,0
DA:42,0
DA:43,0
DA:44,0
DA:45,0
DA:48,0
DA:49,0
DA:50,0
DA:51,0
DA:52,0
DA:53,0
DA:58,0
DA:59,0
DA:60,0
DA:61,0
DA:62,0
DA:65,0
DA:66,0
DA:67,0
BRDA:35,63,0,0
BRDA:35,76,0,0
BRDA:35,63,1,0
BRDA:35,76,1,0
BRDA:35,97,0,0
BRDA:35,97,1,0
BRDA:42,293,0,0
BRDA:42,293,1,0
BRDA:50,523,0,0
BRDA:50,523,1,0
BRDA:59,715,0,0
BRDA:59,715,1,0
LF:29
LH:0
BRF:12
BRH:0
FNF:5
FNH:0
end_of_record
SF:c:\Users\simon\Documents\projects\pomodoroTimer\CoBySi.Pomodoro.Web\Components\Account\Pages\ExternalLogin.razor
FN:54,Microsoft.AspNetCore.Http.HttpContext CoBySi.Pomodoro.Web.Components.Account.Pages.ExternalLogin::get_HttpContext()
FNDA:0,Microsoft.AspNetCore.Http.HttpContext CoBySi.Pomodoro.Web.Components.Account.Pages.ExternalLogin::get_HttpContext()
DA:55,0
FN:57,CoBySi.Pomodoro.Web.Components.Account.Pages.ExternalLogin/InputModel CoBySi.Pomodoro.Web.Components.Account.Pages.ExternalLogin::get_Input()
FNDA:0,CoBySi.Pomodoro.Web.Components.Account.Pages.ExternalLogin/InputModel CoBySi.Pomodoro.Web.Components.Account.Pages.ExternalLogin::get_Input()
DA:58,0
FN:60,System.String CoBySi.Pomodoro.Web.Components.Account.Pages.ExternalLogin::get_RemoteError()
FNDA:0,System.String CoBySi.Pomodoro.Web.Components.Account.Pages.ExternalLogin::get_RemoteError()
DA:61,0
FN:63,System.String CoBySi.Pomodoro.Web.Components.Account.Pages.ExternalLogin::get_ReturnUrl()
FNDA:0,System.String CoBySi.Pomodoro.Web.Components.Account.Pages.ExternalLogin::get_ReturnUrl()
DA:64,0
FN:66,System.String CoBySi.Pomodoro.Web.Components.Account.Pages.ExternalLogin::get_Action()
FNDA:0,System.String CoBySi.Pomodoro.Web.Components.Account.Pages.ExternalLogin::get_Action()
DA:67,0
FN:68,System.String CoBySi.Pomodoro.Web.Components.Account.Pages.ExternalLogin::get_ProviderDisplayName()
FNDA:0,System.String CoBySi.Pomodoro.Web.Components.Account.Pages.ExternalLogin::get_ProviderDisplayName()
DA:69,0
FN:168,CoBySi.Pomodoro.Repository.Identity.Data.PomodoroUser CoBySi.Pomodoro.Web.Components.Account.Pages.ExternalLogin::CreateUser()
FNDA:0,CoBySi.Pomodoro.Repository.Identity.Data.PomodoroUser CoBySi.Pomodoro.Web.Components.Account.Pages.ExternalLogin::CreateUser()
DA:169,0
DA:171,0
DA:172,0
DA:174,0
DA:175,0
DA:176,0
DA:177,0
DA:179,0
FN:181,Microsoft.AspNetCore.Identity.IUserEmailStore`1<CoBySi.Pomodoro.Repository.Identity.Data.PomodoroUser> CoBySi.Pomodoro.Web.Components.Account.Pages.ExternalLogin::GetEmailStore()
FNDA:0,Microsoft.AspNetCore.Identity.IUserEmailStore`1<CoBySi.Pomodoro.Repository.Identity.Data.PomodoroUser> CoBySi.Pomodoro.Web.Components.Account.Pages.ExternalLogin::GetEmailStore()
DA:182,0
DA:183,0
DA:184,0
DA:185,0
DA:187,0
DA:188,0
BRDA:183,17,0,0
BRDA:183,17,1,0
FN:51,System.Void CoBySi.Pomodoro.Web.Components.Account.Pages.ExternalLogin::.ctor()
FNDA:0,System.Void CoBySi.Pomodoro.Web.Components.Account.Pages.ExternalLogin::.ctor()
DA:52,0
FN:193,System.String CoBySi.Pomodoro.Web.Components.Account.Pages.ExternalLogin/InputModel::get_Email()
FNDA:0,System.String CoBySi.Pomodoro.Web.Components.Account.Pages.ExternalLogin/InputModel::get_Email()
DA:194,0
FN:122,System.Boolean CoBySi.Pomodoro.Web.Components.Account.Pages.ExternalLogin/<>c::<OnLoginCallbackAsync>b__27_0(System.Security.Claims.Claim)
FNDA:0,System.Boolean CoBySi.Pomodoro.Web.Components.Account.Pages.ExternalLogin/<>c::<OnLoginCallbackAsync>b__27_0(System.Security.Claims.Claim)
DA:123,0
FN:164,System.String CoBySi.Pomodoro.Web.Components.Account.Pages.ExternalLogin/<>c::<OnValidSubmitAsync>b__28_0(Microsoft.AspNetCore.Identity.IdentityError)
FNDA:0,System.String CoBySi.Pomodoro.Web.Components.Account.Pages.ExternalLogin/<>c::<OnValidSubmitAsync>b__28_0(Microsoft.AspNetCore.Identity.IdentityError)
DA:165,0
FN:71,System.Void CoBySi.Pomodoro.Web.Components.Account.Pages.ExternalLogin/<OnInitializedAsync>d__26::MoveNext()
FNDA:0,System.Void CoBySi.Pomodoro.Web.Components.Account.Pages.ExternalLogin/<OnInitializedAsync>d__26::MoveNext()
DA:72,0
DA:73,0
DA:74,0
DA:75,0
DA:76,0
DA:78,0
DA:79,0
DA:80,0
DA:81,0
DA:82,0
DA:84,0
DA:86,0
DA:87,0
DA:88,0
DA:89,0
DA:90,0
DA:91,0
DA:96,0
DA:97,0
DA:98,0
BRDA:73,48,0,0
BRDA:73,48,1,0
BRDA:79,250,0,0
BRDA:79,250,1,0
BRDA:86,339,0,0
BRDA:88,370,0,0
BRDA:88,370,1,0
BRDA:86,339,1,0
FN:100,System.Void CoBySi.Pomodoro.Web.Components.Account.Pages.ExternalLogin/<OnLoginCallbackAsync>d__27::MoveNext()
FNDA:0,System.Void CoBySi.Pomodoro.Web.Components.Account.Pages.ExternalLogin/<OnLoginCallbackAsync>d__27::MoveNext()
DA:101,0
DA:103,0
DA:104,0
DA:105,0
DA:106,0
DA:107,0
DA:109,0
DA:110,0
DA:111,0
DA:112,0
DA:113,0
DA:114,0
DA:115,0
DA:116,0
DA:117,0
DA:118,0
DA:119,0
DA:120,0
DA:124,0
DA:125,0
DA:126,0
DA:127,0
BRDA:109,192,0,0
BRDA:111,241,0,0
BRDA:111,241,1,0
BRDA:109,192,1,0
BRDA:117,324,0,0
BRDA:117,324,1,0
BRDA:123,406,0,0
BRDA:125,447,0,0
BRDA:125,447,1,0
BRDA:123,406,1,0
FN:129,System.Void CoBySi.Pomodoro.Web.Components.Account.Pages.ExternalLogin/<OnValidSubmitAsync>d__28::MoveNext()
FNDA:0,System.Void CoBySi.Pomodoro.Web.Components.Account.Pages.ExternalLogin/<OnValidSubmitAsync>d__28::MoveNext()
DA:130,0
DA:131,0
DA:132,0
DA:134,0
DA:135,0
DA:137,0
DA:138,0
DA:139,0
DA:140,0
DA:141,0
DA:142,0
DA:143,0
DA:145,0
DA:146,0
DA:147,0
DA:149,0
DA:150,0
DA:151,0
DA:152,0
DA:155,0
DA:156,0
DA:157,0
DA:158,0
DA:160,0
DA:161,0
DA:162,0
DA:163,0
DA:166,0
BRDA:138,537,0,0
BRDA:141,708,0,0
BRDA:155,1332,0,0
BRDA:155,1332,1,0
BRDA:141,708,1,0
BRDA:138,537,1,0
LF:94
LH:0
BRF:26
BRH:0
FNF:15
FNH:0
end_of_record
SF:c:\Users\simon\Documents\projects\pomodoroTimer\CoBySi.Pomodoro.Web\Components\Account\Pages\ForgotPassword.razor
FN:38,CoBySi.Pomodoro.Web.Components.Account.Pages.ForgotPassword/InputModel CoBySi.Pomodoro.Web.Components.Account.Pages.ForgotPassword::get_Input()
FNDA:0,CoBySi.Pomodoro.Web.Components.Account.Pages.ForgotPassword/InputModel CoBySi.Pomodoro.Web.Components.Account.Pages.ForgotPassword::get_Input()
DA:39,0
FN:66,System.String CoBySi.Pomodoro.Web.Components.Account.Pages.ForgotPassword/InputModel::get_Email()
FNDA:0,System.String CoBySi.Pomodoro.Web.Components.Account.Pages.ForgotPassword/InputModel::get_Email()
DA:67,0
FN:41,System.Void CoBySi.Pomodoro.Web.Components.Account.Pages.ForgotPassword/<OnValidSubmitAsync>d__5::MoveNext()
FNDA:0,System.Void CoBySi.Pomodoro.Web.Components.Account.Pages.ForgotPassword/<OnValidSubmitAsync>d__5::MoveNext()
DA:42,0
DA:43,0
DA:44,0
DA:45,0
DA:47,0
DA:48,0
DA:52,0
DA:53,0
DA:54,0
DA:55,0
DA:56,0
DA:58,0
DA:60,0
DA:61,0
BRDA:44,228,0,0
BRDA:44,228,1,0
BRDA:44,376,0,0
BRDA:44,376,1,0
LF:16
LH:0
BRF:4
BRH:0
FNF:3
FNH:0
end_of_record
SF:c:\Users\simon\Documents\projects\pomodoroTimer\CoBySi.Pomodoro.Web\Components\Account\Pages\Login.razor
FN:74,Microsoft.AspNetCore.Http.HttpContext CoBySi.Pomodoro.Web.Components.Account.Pages.Login::get_HttpContext()
FNDA:0,Microsoft.AspNetCore.Http.HttpContext CoBySi.Pomodoro.Web.Components.Account.Pages.Login::get_HttpContext()
DA:75,0
FN:77,CoBySi.Pomodoro.Web.Components.Account.Pages.Login/InputModel CoBySi.Pomodoro.Web.Components.Account.Pages.Login::get_Input()
FNDA:0,CoBySi.Pomodoro.Web.Components.Account.Pages.Login/InputModel CoBySi.Pomodoro.Web.Components.Account.Pages.Login::get_Input()
DA:78,0
FN:80,System.String CoBySi.Pomodoro.Web.Components.Account.Pages.Login::get_ReturnUrl()
FNDA:0,System.String CoBySi.Pomodoro.Web.Components.Account.Pages.Login::get_ReturnUrl()
DA:81,0
FN:123,System.String CoBySi.Pomodoro.Web.Components.Account.Pages.Login/InputModel::get_Email()
FNDA:0,System.String CoBySi.Pomodoro.Web.Components.Account.Pages.Login/InputModel::get_Email()
DA:124,0
FN:127,System.String CoBySi.Pomodoro.Web.Components.Account.Pages.Login/InputModel::get_Password()
FNDA:0,System.String CoBySi.Pomodoro.Web.Components.Account.Pages.Login/InputModel::get_Password()
DA:128,0
FN:130,System.Boolean CoBySi.Pomodoro.Web.Components.Account.Pages.Login/InputModel::get_RememberMe()
FNDA:0,System.Boolean CoBySi.Pomodoro.Web.Components.Account.Pages.Login/InputModel::get_RememberMe()
DA:131,0
FN:92,System.Void CoBySi.Pomodoro.Web.Components.Account.Pages.Login/<LoginUser>d__15::MoveNext()
FNDA:0,System.Void CoBySi.Pomodoro.Web.Components.Account.Pages.Login/<LoginUser>d__15::MoveNext()
DA:93,0
DA:96,0
DA:97,0
DA:98,0
DA:99,0
DA:100,0
DA:101,0
DA:102,0
DA:103,0
DA:104,0
DA:105,0
DA:106,0
DA:107,0
DA:108,0
DA:109,0
DA:110,0
DA:111,0
DA:112,0
DA:113,0
DA:115,0
DA:116,0
DA:117,0
DA:118,0
BRDA:98,207,0,0
BRDA:98,207,1,0
BRDA:103,286,0,0
BRDA:103,286,1,0
BRDA:109,390,0,0
BRDA:109,390,1,0
FN:83,System.Void CoBySi.Pomodoro.Web.Components.Account.Pages.Login/<OnInitializedAsync>d__14::MoveNext()
FNDA:0,System.Void CoBySi.Pomodoro.Web.Components.Account.Pages.Login/<OnInitializedAsync>d__14::MoveNext()
DA:84,0
DA:85,0
DA:86,0
DA:88,0
DA:89,0
DA:90,0
BRDA:85,43,0,0
BRDA:85,43,1,0
LF:35
LH:0
BRF:8
BRH:0
FNF:8
FNH:0
end_of_record
SF:c:\Users\simon\Documents\projects\pomodoroTimer\CoBySi.Pomodoro.Web\Components\Account\Pages\LoginWith2fa.razor
FN:51,CoBySi.Pomodoro.Web.Components.Account.Pages.LoginWith2fa/InputModel CoBySi.Pomodoro.Web.Components.Account.Pages.LoginWith2fa::get_Input()
FNDA:0,CoBySi.Pomodoro.Web.Components.Account.Pages.LoginWith2fa/InputModel CoBySi.Pomodoro.Web.Components.Account.Pages.LoginWith2fa::get_Input()
DA:52,0
FN:54,System.String CoBySi.Pomodoro.Web.Components.Account.Pages.LoginWith2fa::get_ReturnUrl()
FNDA:0,System.String CoBySi.Pomodoro.Web.Components.Account.Pages.LoginWith2fa::get_ReturnUrl()
DA:55,0
FN:57,System.Boolean CoBySi.Pomodoro.Web.Components.Account.Pages.LoginWith2fa::get_RememberMe()
FNDA:0,System.Boolean CoBySi.Pomodoro.Web.Components.Account.Pages.LoginWith2fa::get_RememberMe()
DA:58,0
FN:48,System.Void CoBySi.Pomodoro.Web.Components.Account.Pages.LoginWith2fa::.ctor()
FNDA:0,System.Void CoBySi.Pomodoro.Web.Components.Account.Pages.LoginWith2fa::.ctor()
DA:49,0
FN:96,System.String CoBySi.Pomodoro.Web.Components.Account.Pages.LoginWith2fa/InputModel::get_TwoFactorCode()
FNDA:0,System.String CoBySi.Pomodoro.Web.Components.Account.Pages.LoginWith2fa/InputModel::get_TwoFactorCode()
DA:97,0
FN:99,System.Boolean CoBySi.Pomodoro.Web.Components.Account.Pages.LoginWith2fa/InputModel::get_RememberMachine()
FNDA:0,System.Boolean CoBySi.Pomodoro.Web.Components.Account.Pages.LoginWith2fa/InputModel::get_RememberMachine()
DA:100,0
FN:60,System.Void CoBySi.Pomodoro.Web.Components.Account.Pages.LoginWith2fa/<OnInitializedAsync>d__15::MoveNext()
FNDA:0,System.Void CoBySi.Pomodoro.Web.Components.Account.Pages.LoginWith2fa/<OnInitializedAsync>d__15::MoveNext()
DA:61,0
DA:63,0
DA:64,0
DA:65,0
BRDA:63,136,0,0
BRDA:63,136,1,0
FN:67,System.Void CoBySi.Pomodoro.Web.Components.Account.Pages.LoginWith2fa/<OnValidSubmitAsync>d__16::MoveNext()
FNDA:0,System.Void CoBySi.Pomodoro.Web.Components.Account.Pages.LoginWith2fa/<OnValidSubmitAsync>d__16::MoveNext()
DA:68,0
DA:69,0
DA:70,0
DA:71,0
DA:72,0
DA:74,0
DA:75,0
DA:76,0
DA:77,0
DA:78,0
DA:79,0
DA:80,0
DA:81,0
DA:82,0
DA:83,0
DA:85,0
DA:86,0
DA:87,0
DA:88,0
DA:89,0
BRDA:74,400,0,0
BRDA:74,400,1,0
BRDA:79,489,0,0
BRDA:79,489,1,0
LF:30
LH:0
BRF:6
BRH:0
FNF:8
FNH:0
end_of_record
SF:c:\Users\simon\Documents\projects\pomodoroTimer\CoBySi.Pomodoro.Web\Components\Account\Pages\LoginWithRecoveryCode.razor
FN:41,CoBySi.Pomodoro.Web.Components.Account.Pages.LoginWithRecoveryCode/InputModel CoBySi.Pomodoro.Web.Components.Account.Pages.LoginWithRecoveryCode::get_Input()
FNDA:0,CoBySi.Pomodoro.Web.Components.Account.Pages.LoginWithRecoveryCode/InputModel CoBySi.Pomodoro.Web.Components.Account.Pages.LoginWithRecoveryCode::get_Input()
DA:42,0
FN:44,System.String CoBySi.Pomodoro.Web.Components.Account.Pages.LoginWithRecoveryCode::get_ReturnUrl()
FNDA:0,System.String CoBySi.Pomodoro.Web.Components.Account.Pages.LoginWithRecoveryCode::get_ReturnUrl()
DA:45,0
FN:38,System.Void CoBySi.Pomodoro.Web.Components.Account.Pages.LoginWithRecoveryCode::.ctor()
FNDA:0,System.Void CoBySi.Pomodoro.Web.Components.Account.Pages.LoginWithRecoveryCode::.ctor()
DA:39,0
FN:83,System.String CoBySi.Pomodoro.Web.Components.Account.Pages.LoginWithRecoveryCode/InputModel::get_RecoveryCode()
FNDA:0,System.String CoBySi.Pomodoro.Web.Components.Account.Pages.LoginWithRecoveryCode/InputModel::get_RecoveryCode()
DA:84,0
FN:47,System.Void CoBySi.Pomodoro.Web.Components.Account.Pages.LoginWithRecoveryCode/<OnInitializedAsync>d__11::MoveNext()
FNDA:0,System.Void CoBySi.Pomodoro.Web.Components.Account.Pages.LoginWithRecoveryCode/<OnInitializedAsync>d__11::MoveNext()
DA:48,0
DA:50,0
DA:51,0
DA:52,0
BRDA:50,136,0,0
BRDA:50,136,1,0
FN:54,System.Void CoBySi.Pomodoro.Web.Components.Account.Pages.LoginWithRecoveryCode/<OnValidSubmitAsync>d__12::MoveNext()
FNDA:0,System.Void CoBySi.Pomodoro.Web.Components.Account.Pages.LoginWithRecoveryCode/<OnValidSubmitAsync>d__12::MoveNext()
DA:55,0
DA:56,0
DA:58,0
DA:60,0
DA:62,0
DA:63,0
DA:64,0
DA:65,0
DA:66,0
DA:67,0
DA:68,0
DA:69,0
DA:70,0
DA:71,0
DA:73,0
DA:74,0
DA:75,0
DA:76,0
DA:77,0
BRDA:62,355,0,0
BRDA:62,355,1,0
BRDA:67,441,0,0
BRDA:67,441,1,0
LF:27
LH:0
BRF:6
BRH:0
FNF:6
FNH:0
end_of_record
SF:c:\Users\simon\Documents\projects\pomodoroTimer\CoBySi.Pomodoro.Web\Components\Account\Pages\Logout.razor
FN:12,Microsoft.AspNetCore.Http.HttpContext CoBySi.Pomodoro.Web.Components.Account.Pages.Logout::get_HttpContext()
FNDA:0,Microsoft.AspNetCore.Http.HttpContext CoBySi.Pomodoro.Web.Components.Account.Pages.Logout::get_HttpContext()
DA:13,0
FN:14,System.Void CoBySi.Pomodoro.Web.Components.Account.Pages.Logout/<OnInitializedAsync>d__5::MoveNext()
FNDA:0,System.Void CoBySi.Pomodoro.Web.Components.Account.Pages.Logout/<OnInitializedAsync>d__5::MoveNext()
DA:15,0
DA:16,0
DA:17,0
DA:18,0
DA:19,0
DA:20,0
DA:21,0
LF:8
LH:0
BRF:0
BRH:0
FNF:2
FNH:0
end_of_record
SF:c:\Users\simon\Documents\projects\pomodoroTimer\CoBySi.Pomodoro.Web\Components\Account\Pages\Register.razor
FN:60,CoBySi.Pomodoro.Web.Components.Account.Pages.Register/InputModel CoBySi.Pomodoro.Web.Components.Account.Pages.Register::get_Input()
FNDA:0,CoBySi.Pomodoro.Web.Components.Account.Pages.Register/InputModel CoBySi.Pomodoro.Web.Components.Account.Pages.Register::get_Input()
DA:61,0
FN:63,System.String CoBySi.Pomodoro.Web.Components.Account.Pages.Register::get_ReturnUrl()
FNDA:0,System.String CoBySi.Pomodoro.Web.Components.Account.Pages.Register::get_ReturnUrl()
DA:64,0
FN:65,System.String CoBySi.Pomodoro.Web.Components.Account.Pages.Register::get_Message()
FNDA:0,System.String CoBySi.Pomodoro.Web.Components.Account.Pages.Register::get_Message()
DA:66,0
BRDA:66,6,0,0
BRDA:66,6,1,0
FN:105,CoBySi.Pomodoro.Repository.Identity.Data.PomodoroUser CoBySi.Pomodoro.Web.Components.Account.Pages.Register::CreateUser()
FNDA:0,CoBySi.Pomodoro.Repository.Identity.Data.PomodoroUser CoBySi.Pomodoro.Web.Components.Account.Pages.Register::CreateUser()
DA:106,0
DA:108,0
DA:109,0
DA:111,0
DA:112,0
DA:113,0
DA:114,0
DA:116,0
FN:118,Microsoft.AspNetCore.Identity.IUserEmailStore`1<CoBySi.Pomodoro.Repository.Identity.Data.PomodoroUser> CoBySi.Pomodoro.Web.Components.Account.Pages.Register::GetEmailStore()
FNDA:0,Microsoft.AspNetCore.Identity.IUserEmailStore`1<CoBySi.Pomodoro.Repository.Identity.Data.PomodoroUser> CoBySi.Pomodoro.Web.Components.Account.Pages.Register::GetEmailStore()
DA:119,0
DA:120,0
DA:121,0
DA:122,0
DA:124,0
DA:125,0
BRDA:120,17,0,0
BRDA:120,17,1,0
FN:131,System.String CoBySi.Pomodoro.Web.Components.Account.Pages.Register/InputModel::get_Email()
FNDA:0,System.String CoBySi.Pomodoro.Web.Components.Account.Pages.Register/InputModel::get_Email()
DA:132,0
FN:137,System.String CoBySi.Pomodoro.Web.Components.Account.Pages.Register/InputModel::get_Password()
FNDA:0,System.String CoBySi.Pomodoro.Web.Components.Account.Pages.Register/InputModel::get_Password()
DA:138,0
FN:142,System.String CoBySi.Pomodoro.Web.Components.Account.Pages.Register/InputModel::get_ConfirmPassword()
FNDA:0,System.String CoBySi.Pomodoro.Web.Components.Account.Pages.Register/InputModel::get_ConfirmPassword()
DA:143,0
FN:68,System.Void CoBySi.Pomodoro.Web.Components.Account.Pages.Register/<RegisterUser>d__12::MoveNext()
FNDA:0,System.Void CoBySi.Pomodoro.Web.Components.Account.Pages.Register/<RegisterUser>d__12::MoveNext()
DA:69,0
DA:70,0
DA:72,0
DA:73,0
DA:74,0
DA:75,0
DA:77,0
DA:78,0
DA:79,0
DA:80,0
DA:83,0
DA:85,0
DA:86,0
DA:87,0
DA:88,0
DA:89,0
DA:90,0
DA:92,0
DA:94,0
DA:95,0
DA:96,0
DA:97,0
DA:98,0
DA:99,0
DA:101,0
DA:102,0
DA:103,0
BRDA:77,547,0,0
BRDA:77,547,1,0
BRDA:94,1198,0,0
BRDA:94,1198,1,0
LF:47
LH:0
BRF:8
BRH:0
FNF:9
FNH:0
end_of_record
SF:c:\Users\simon\Documents\projects\pomodoroTimer\CoBySi.Pomodoro.Web\Components\Account\Pages\RegisterConfirmation.razor
FN:18,System.Void CoBySi.Pomodoro.Web.Components.Account.Pages.RegisterConfirmation::BuildRenderTree(Microsoft.AspNetCore.Components.Rendering.RenderTreeBuilder)
FNDA:0,System.Void CoBySi.Pomodoro.Web.Components.Account.Pages.RegisterConfirmation::BuildRenderTree(Microsoft.AspNetCore.Components.Rendering.RenderTreeBuilder)
DA:19,0
DA:20,0
DA:26,0
DA:28,0
DA:30,0
BRDA:19,139,0,0
BRDA:19,139,1,0
FN:36,Microsoft.AspNetCore.Http.HttpContext CoBySi.Pomodoro.Web.Components.Account.Pages.RegisterConfirmation::get_HttpContext()
FNDA:0,Microsoft.AspNetCore.Http.HttpContext CoBySi.Pomodoro.Web.Components.Account.Pages.RegisterConfirmation::get_HttpContext()
DA:37,0
FN:39,System.String CoBySi.Pomodoro.Web.Components.Account.Pages.RegisterConfirmation::get_Email()
FNDA:0,System.String CoBySi.Pomodoro.Web.Components.Account.Pages.RegisterConfirmation::get_Email()
DA:40,0
FN:42,System.String CoBySi.Pomodoro.Web.Components.Account.Pages.RegisterConfirmation::get_ReturnUrl()
FNDA:0,System.String CoBySi.Pomodoro.Web.Components.Account.Pages.RegisterConfirmation::get_ReturnUrl()
DA:43,0
FN:45,System.Void CoBySi.Pomodoro.Web.Components.Account.Pages.RegisterConfirmation/<OnInitializedAsync>d__15::MoveNext()
FNDA:0,System.Void CoBySi.Pomodoro.Web.Components.Account.Pages.RegisterConfirmation/<OnInitializedAsync>d__15::MoveNext()
DA:46,0
DA:47,0
DA:48,0
DA:49,0
DA:50,0
DA:52,0
DA:53,0
DA:54,0
DA:55,0
DA:56,0
DA:57,0
DA:58,0
DA:59,0
DA:61,0
DA:62,0
DA:63,0
DA:64,0
DA:65,0
DA:66,0
DA:67,0
DA:68,0
BRDA:47,59,0,0
BRDA:47,59,1,0
BRDA:53,239,0,0
BRDA:53,239,1,0
BRDA:58,314,0,0
BRDA:58,314,1,0
LF:29
LH:0
BRF:8
BRH:0
FNF:5
FNH:0
end_of_record
SF:c:\Users\simon\Documents\projects\pomodoroTimer\CoBySi.Pomodoro.Web\Components\Account\Pages\ResendEmailConfirmation.razor
FN:40,CoBySi.Pomodoro.Web.Components.Account.Pages.ResendEmailConfirmation/InputModel CoBySi.Pomodoro.Web.Components.Account.Pages.ResendEmailConfirmation::get_Input()
FNDA:0,CoBySi.Pomodoro.Web.Components.Account.Pages.ResendEmailConfirmation/InputModel CoBySi.Pomodoro.Web.Components.Account.Pages.ResendEmailConfirmation::get_Input()
DA:41,0
FN:66,System.String CoBySi.Pomodoro.Web.Components.Account.Pages.ResendEmailConfirmation/InputModel::get_Email()
FNDA:0,System.String CoBySi.Pomodoro.Web.Components.Account.Pages.ResendEmailConfirmation/InputModel::get_Email()
DA:67,0
FN:43,System.Void CoBySi.Pomodoro.Web.Components.Account.Pages.ResendEmailConfirmation/<OnValidSubmitAsync>d__6::MoveNext()
FNDA:0,System.Void CoBySi.Pomodoro.Web.Components.Account.Pages.ResendEmailConfirmation/<OnValidSubmitAsync>d__6::MoveNext()
DA:44,0
DA:45,0
DA:46,0
DA:47,0
DA:48,0
DA:49,0
DA:52,0
DA:53,0
DA:54,0
DA:55,0
DA:56,0
DA:57,0
DA:58,0
DA:60,0
DA:61,0
BRDA:46,206,0,0
BRDA:46,206,1,0
LF:17
LH:0
BRF:2
BRH:0
FNF:3
FNH:0
end_of_record
SF:c:\Users\simon\Documents\projects\pomodoroTimer\CoBySi.Pomodoro.Web\Components\Account\Pages\ResetPassword.razor
FN:48,CoBySi.Pomodoro.Web.Components.Account.Pages.ResetPassword/InputModel CoBySi.Pomodoro.Web.Components.Account.Pages.ResetPassword::get_Input()
FNDA:0,CoBySi.Pomodoro.Web.Components.Account.Pages.ResetPassword/InputModel CoBySi.Pomodoro.Web.Components.Account.Pages.ResetPassword::get_Input()
DA:49,0
FN:51,System.String CoBySi.Pomodoro.Web.Components.Account.Pages.ResetPassword::get_Code()
FNDA:0,System.String CoBySi.Pomodoro.Web.Components.Account.Pages.ResetPassword::get_Code()
DA:52,0
FN:53,System.String CoBySi.Pomodoro.Web.Components.Account.Pages.ResetPassword::get_Message()
FNDA:0,System.String CoBySi.Pomodoro.Web.Components.Account.Pages.ResetPassword::get_Message()
DA:54,0
BRDA:54,6,0,0
BRDA:54,6,1,0
FN:56,System.Void CoBySi.Pomodoro.Web.Components.Account.Pages.ResetPassword::OnInitialized()
FNDA:0,System.Void CoBySi.Pomodoro.Web.Components.Account.Pages.ResetPassword::OnInitialized()
DA:57,0
DA:58,0
DA:59,0
DA:60,0
DA:61,0
DA:63,0
DA:64,0
BRDA:58,12,0,0
BRDA:58,12,1,0
FN:87,System.String CoBySi.Pomodoro.Web.Components.Account.Pages.ResetPassword/InputModel::get_Email()
FNDA:0,System.String CoBySi.Pomodoro.Web.Components.Account.Pages.ResetPassword/InputModel::get_Email()
DA:88,0
FN:92,System.String CoBySi.Pomodoro.Web.Components.Account.Pages.ResetPassword/InputModel::get_Password()
FNDA:0,System.String CoBySi.Pomodoro.Web.Components.Account.Pages.ResetPassword/InputModel::get_Password()
DA:93,0
FN:97,System.String CoBySi.Pomodoro.Web.Components.Account.Pages.ResetPassword/InputModel::get_ConfirmPassword()
FNDA:0,System.String CoBySi.Pomodoro.Web.Components.Account.Pages.ResetPassword/InputModel::get_ConfirmPassword()
DA:98,0
FN:100,System.String CoBySi.Pomodoro.Web.Components.Account.Pages.ResetPassword/InputModel::get_Code()
FNDA:0,System.String CoBySi.Pomodoro.Web.Components.Account.Pages.ResetPassword/InputModel::get_Code()
DA:101,0
FN:66,System.Void CoBySi.Pomodoro.Web.Components.Account.Pages.ResetPassword/<OnValidSubmitAsync>d__13::MoveNext()
FNDA:0,System.Void CoBySi.Pomodoro.Web.Components.Account.Pages.ResetPassword/<OnValidSubmitAsync>d__13::MoveNext()
DA:67,0
DA:68,0
DA:69,0
DA:70,0
DA:72,0
DA:73,0
DA:75,0
DA:76,0
DA:77,0
DA:78,0
DA:79,0
DA:81,0
DA:82,0
BRDA:69,183,0,0
BRDA:69,183,1,0
BRDA:76,395,0,0
BRDA:76,395,1,0
LF:27
LH:0
BRF:8
BRH:0
FNF:9
FNH:0
end_of_record
SF:c:\Users\simon\Documents\projects\pomodoroTimer\CoBySi.Pomodoro.Web\Components\Account\Pages\Manage\ChangePassword.razor
FN:51,Microsoft.AspNetCore.Http.HttpContext CoBySi.Pomodoro.Web.Components.Account.Pages.Manage.ChangePassword::get_HttpContext()
FNDA:0,Microsoft.AspNetCore.Http.HttpContext CoBySi.Pomodoro.Web.Components.Account.Pages.Manage.ChangePassword::get_HttpContext()
DA:52,0
FN:54,CoBySi.Pomodoro.Web.Components.Account.Pages.Manage.ChangePassword/InputModel CoBySi.Pomodoro.Web.Components.Account.Pages.Manage.ChangePassword::get_Input()
FNDA:0,CoBySi.Pomodoro.Web.Components.Account.Pages.Manage.ChangePassword/InputModel CoBySi.Pomodoro.Web.Components.Account.Pages.Manage.ChangePassword::get_Input()
DA:55,0
FN:47,System.Void CoBySi.Pomodoro.Web.Components.Account.Pages.Manage.ChangePassword::.ctor()
FNDA:0,System.Void CoBySi.Pomodoro.Web.Components.Account.Pages.Manage.ChangePassword::.ctor()
DA:48,0
FN:86,System.String CoBySi.Pomodoro.Web.Components.Account.Pages.Manage.ChangePassword/InputModel::get_OldPassword()
FNDA:0,System.String CoBySi.Pomodoro.Web.Components.Account.Pages.Manage.ChangePassword/InputModel::get_OldPassword()
DA:87,0
FN:92,System.String CoBySi.Pomodoro.Web.Components.Account.Pages.Manage.ChangePassword/InputModel::get_NewPassword()
FNDA:0,System.String CoBySi.Pomodoro.Web.Components.Account.Pages.Manage.ChangePassword/InputModel::get_NewPassword()
DA:93,0
FN:97,System.String CoBySi.Pomodoro.Web.Components.Account.Pages.Manage.ChangePassword/InputModel::get_ConfirmPassword()
FNDA:0,System.String CoBySi.Pomodoro.Web.Components.Account.Pages.Manage.ChangePassword/InputModel::get_ConfirmPassword()
DA:98,0
FN:71,System.String CoBySi.Pomodoro.Web.Components.Account.Pages.Manage.ChangePassword/<>c::<OnValidSubmitAsync>b__13_0(Microsoft.AspNetCore.Identity.IdentityError)
FNDA:0,System.String CoBySi.Pomodoro.Web.Components.Account.Pages.Manage.ChangePassword/<>c::<OnValidSubmitAsync>b__13_0(Microsoft.AspNetCore.Identity.IdentityError)
DA:72,0
FN:57,System.Void CoBySi.Pomodoro.Web.Components.Account.Pages.Manage.ChangePassword/<OnInitializedAsync>d__12::MoveNext()
FNDA:0,System.Void CoBySi.Pomodoro.Web.Components.Account.Pages.Manage.ChangePassword/<OnInitializedAsync>d__12::MoveNext()
DA:58,0
DA:59,0
DA:60,0
DA:61,0
DA:62,0
DA:63,0
DA:64,0
DA:65,0
BRDA:61,329,0,0
BRDA:61,329,1,0
FN:67,System.Void CoBySi.Pomodoro.Web.Components.Account.Pages.Manage.ChangePassword/<OnValidSubmitAsync>d__13::MoveNext()
FNDA:0,System.Void CoBySi.Pomodoro.Web.Components.Account.Pages.Manage.ChangePassword/<OnValidSubmitAsync>d__13::MoveNext()
DA:68,0
DA:69,0
DA:70,0
DA:71,0
DA:73,0
DA:76,0
DA:77,0
DA:79,0
DA:80,0
BRDA:70,215,0,0
BRDA:70,215,1,0
LF:24
LH:0
BRF:4
BRH:0
FNF:9
FNH:0
end_of_record
SF:c:\Users\simon\Documents\projects\pomodoroTimer\CoBySi.Pomodoro.Web\Components\Account\Pages\Manage\DeletePersonalData.razor
FN:47,Microsoft.AspNetCore.Http.HttpContext CoBySi.Pomodoro.Web.Components.Account.Pages.Manage.DeletePersonalData::get_HttpContext()
FNDA:0,Microsoft.AspNetCore.Http.HttpContext CoBySi.Pomodoro.Web.Components.Account.Pages.Manage.DeletePersonalData::get_HttpContext()
DA:48,0
FN:50,CoBySi.Pomodoro.Web.Components.Account.Pages.Manage.DeletePersonalData/InputModel CoBySi.Pomodoro.Web.Components.Account.Pages.Manage.DeletePersonalData::get_Input()
FNDA:0,CoBySi.Pomodoro.Web.Components.Account.Pages.Manage.DeletePersonalData/InputModel CoBySi.Pomodoro.Web.Components.Account.Pages.Manage.DeletePersonalData::get_Input()
DA:51,0
FN:28,System.Void CoBySi.Pomodoro.Web.Components.Account.Pages.Manage.DeletePersonalData::<BuildRenderTree>b__0_2(Microsoft.AspNetCore.Components.Rendering.RenderTreeBuilder)
FNDA:0,System.Void CoBySi.Pomodoro.Web.Components.Account.Pages.Manage.DeletePersonalData::<BuildRenderTree>b__0_2(Microsoft.AspNetCore.Components.Rendering.RenderTreeBuilder)
DA:29,0
DA:30,0
DA:37,0
BRDA:29,93,0,0
BRDA:29,93,1,0
FN:43,System.Void CoBySi.Pomodoro.Web.Components.Account.Pages.Manage.DeletePersonalData::.ctor()
FNDA:0,System.Void CoBySi.Pomodoro.Web.Components.Account.Pages.Manage.DeletePersonalData::.ctor()
DA:44,0
FN:84,System.String CoBySi.Pomodoro.Web.Components.Account.Pages.Manage.DeletePersonalData/InputModel::get_Password()
FNDA:0,System.String CoBySi.Pomodoro.Web.Components.Account.Pages.Manage.DeletePersonalData/InputModel::get_Password()
DA:85,0
FN:53,System.Void CoBySi.Pomodoro.Web.Components.Account.Pages.Manage.DeletePersonalData/<OnInitializedAsync>d__12::MoveNext()
FNDA:0,System.Void CoBySi.Pomodoro.Web.Components.Account.Pages.Manage.DeletePersonalData/<OnInitializedAsync>d__12::MoveNext()
DA:54,0
DA:55,0
DA:56,0
DA:57,0
DA:58,0
BRDA:55,37,0,0
BRDA:55,37,1,0
FN:60,System.Void CoBySi.Pomodoro.Web.Components.Account.Pages.Manage.DeletePersonalData/<OnValidSubmitAsync>d__13::MoveNext()
FNDA:0,System.Void CoBySi.Pomodoro.Web.Components.Account.Pages.Manage.DeletePersonalData/<OnValidSubmitAsync>d__13::MoveNext()
DA:61,0
DA:62,0
DA:63,0
DA:64,0
DA:65,0
DA:68,0
DA:69,0
DA:70,0
DA:71,0
DA:74,0
DA:76,0
DA:77,0
DA:79,0
DA:80,0
BRDA:62,87,0,0
BRDA:62,87,1,0
BRDA:62,253,0,0
BRDA:62,253,1,0
BRDA:69,439,0,0
BRDA:69,439,1,0
LF:26
LH:0
BRF:10
BRH:0
FNF:7
FNH:0
end_of_record
SF:c:\Users\simon\Documents\projects\pomodoroTimer\CoBySi.Pomodoro.Web\Components\Account\Pages\Manage\Disable2fa.razor
FN:37,Microsoft.AspNetCore.Http.HttpContext CoBySi.Pomodoro.Web.Components.Account.Pages.Manage.Disable2fa::get_HttpContext()
FNDA:0,Microsoft.AspNetCore.Http.HttpContext CoBySi.Pomodoro.Web.Components.Account.Pages.Manage.Disable2fa::get_HttpContext()
DA:38,0
FN:34,System.Void CoBySi.Pomodoro.Web.Components.Account.Pages.Manage.Disable2fa::.ctor()
FNDA:0,System.Void CoBySi.Pomodoro.Web.Components.Account.Pages.Manage.Disable2fa::.ctor()
DA:35,0
FN:40,System.Void CoBySi.Pomodoro.Web.Components.Account.Pages.Manage.Disable2fa/<OnInitializedAsync>d__6::MoveNext()
FNDA:0,System.Void CoBySi.Pomodoro.Web.Components.Account.Pages.Manage.Disable2fa/<OnInitializedAsync>d__6::MoveNext()
DA:41,0
DA:42,0
DA:44,0
DA:45,0
DA:46,0
DA:48,0
BRDA:44,222,0,0
BRDA:44,222,1,0
BRDA:44,372,0,0
BRDA:44,372,1,0
FN:50,System.Void CoBySi.Pomodoro.Web.Components.Account.Pages.Manage.Disable2fa/<OnSubmitAsync>d__7::MoveNext()
FNDA:0,System.Void CoBySi.Pomodoro.Web.Components.Account.Pages.Manage.Disable2fa/<OnSubmitAsync>d__7::MoveNext()
DA:51,0
DA:52,0
DA:53,0
DA:54,0
DA:55,0
DA:58,0
DA:59,0
DA:60,0
DA:61,0
DA:62,0
DA:63,0
DA:64,0
BRDA:53,184,0,0
BRDA:53,184,1,0
LF:20
LH:0
BRF:6
BRH:0
FNF:4
FNH:0
end_of_record
SF:c:\Users\simon\Documents\projects\pomodoroTimer\CoBySi.Pomodoro.Web\Components\Account\Pages\Manage\Email.razor
FN:67,Microsoft.AspNetCore.Http.HttpContext CoBySi.Pomodoro.Web.Components.Account.Pages.Manage.Email::get_HttpContext()
FNDA:0,Microsoft.AspNetCore.Http.HttpContext CoBySi.Pomodoro.Web.Components.Account.Pages.Manage.Email::get_HttpContext()
DA:68,0
FN:70,CoBySi.Pomodoro.Web.Components.Account.Pages.Manage.Email/InputModel CoBySi.Pomodoro.Web.Components.Account.Pages.Manage.Email::get_Input()
FNDA:0,CoBySi.Pomodoro.Web.Components.Account.Pages.Manage.Email/InputModel CoBySi.Pomodoro.Web.Components.Account.Pages.Manage.Email::get_Input()
DA:71,0
FN:28,System.Void CoBySi.Pomodoro.Web.Components.Account.Pages.Manage.Email::<BuildRenderTree>b__0_2(Microsoft.AspNetCore.Components.Rendering.RenderTreeBuilder)
FNDA:0,System.Void CoBySi.Pomodoro.Web.Components.Account.Pages.Manage.Email::<BuildRenderTree>b__0_2(Microsoft.AspNetCore.Components.Rendering.RenderTreeBuilder)
DA:29,0
DA:30,0
DA:39,0
DA:41,0
DA:49,0
BRDA:29,93,0,0
BRDA:29,93,1,0
FN:62,System.Void CoBySi.Pomodoro.Web.Components.Account.Pages.Manage.Email::.ctor()
FNDA:0,System.Void CoBySi.Pomodoro.Web.Components.Account.Pages.Manage.Email::.ctor()
DA:63,0
FN:125,System.String CoBySi.Pomodoro.Web.Components.Account.Pages.Manage.Email/InputModel::get_NewEmail()
FNDA:0,System.String CoBySi.Pomodoro.Web.Components.Account.Pages.Manage.Email/InputModel::get_NewEmail()
DA:126,0
FN:73,System.Void CoBySi.Pomodoro.Web.Components.Account.Pages.Manage.Email/<OnInitializedAsync>d__13::MoveNext()
FNDA:0,System.Void CoBySi.Pomodoro.Web.Components.Account.Pages.Manage.Email/<OnInitializedAsync>d__13::MoveNext()
DA:74,0
DA:75,0
DA:76,0
DA:77,0
DA:79,0
DA:80,0
BRDA:79,494,0,0
BRDA:79,494,1,0
FN:102,System.Void CoBySi.Pomodoro.Web.Components.Account.Pages.Manage.Email/<OnSendEmailVerificationAsync>d__15::MoveNext()
FNDA:0,System.Void CoBySi.Pomodoro.Web.Components.Account.Pages.Manage.Email/<OnSendEmailVerificationAsync>d__15::MoveNext()
DA:103,0
DA:104,0
DA:105,0
DA:106,0
DA:109,0
DA:110,0
DA:111,0
DA:112,0
DA:113,0
DA:114,0
DA:116,0
DA:118,0
DA:119,0
BRDA:104,56,0,0
BRDA:104,56,1,0
FN:82,System.Void CoBySi.Pomodoro.Web.Components.Account.Pages.Manage.Email/<OnValidSubmitAsync>d__14::MoveNext()
FNDA:0,System.Void CoBySi.Pomodoro.Web.Components.Account.Pages.Manage.Email/<OnValidSubmitAsync>d__14::MoveNext()
DA:83,0
DA:84,0
DA:85,0
DA:86,0
DA:87,0
DA:90,0
DA:91,0
DA:92,0
DA:93,0
DA:94,0
DA:95,0
DA:97,0
DA:99,0
DA:100,0
BRDA:84,59,0,0
BRDA:84,59,1,0
BRDA:84,98,0,0
BRDA:84,98,1,0
LF:42
LH:0
BRF:10
BRH:0
FNF:8
FNH:0
end_of_record
SF:c:\Users\simon\Documents\projects\pomodoroTimer\CoBySi.Pomodoro.Web\Components\Account\Pages\Manage\EnableAuthenticator.razor
FN:20,System.Void CoBySi.Pomodoro.Web.Components.Account.Pages.Manage.EnableAuthenticator::BuildRenderTree(Microsoft.AspNetCore.Components.Rendering.RenderTreeBuilder)
FNDA:0,System.Void CoBySi.Pomodoro.Web.Components.Account.Pages.Manage.EnableAuthenticator::BuildRenderTree(Microsoft.AspNetCore.Components.Rendering.RenderTreeBuilder)
DA:21,0
DA:22,0
DA:24,0
DA:26,0
DA:75,0
BRDA:21,74,0,0
BRDA:21,74,1,0
FN:86,Microsoft.AspNetCore.Http.HttpContext CoBySi.Pomodoro.Web.Components.Account.Pages.Manage.EnableAuthenticator::get_HttpContext()
FNDA:0,Microsoft.AspNetCore.Http.HttpContext CoBySi.Pomodoro.Web.Components.Account.Pages.Manage.EnableAuthenticator::get_HttpContext()
DA:87,0
FN:89,CoBySi.Pomodoro.Web.Components.Account.Pages.Manage.EnableAuthenticator/InputModel CoBySi.Pomodoro.Web.Components.Account.Pages.Manage.EnableAuthenticator::get_Input()
FNDA:0,CoBySi.Pomodoro.Web.Components.Account.Pages.Manage.EnableAuthenticator/InputModel CoBySi.Pomodoro.Web.Components.Account.Pages.Manage.EnableAuthenticator::get_Input()
DA:90,0
FN:98,System.Void CoBySi.Pomodoro.Web.Components.Account.Pages.Manage.EnableAuthenticator::GenerateQRCode(System.String)
FNDA:0,System.Void CoBySi.Pomodoro.Web.Components.Account.Pages.Manage.EnableAuthenticator::GenerateQRCode(System.String)
DA:99,0
DA:100,0
DA:101,0
DA:102,0
DA:103,0
DA:104,0
DA:105,0
DA:106,0
DA:107,0
DA:108,0
DA:109,0
DA:110,0
BRDA:100,12,0,0
BRDA:100,12,1,0
FN:158,System.String CoBySi.Pomodoro.Web.Components.Account.Pages.Manage.EnableAuthenticator::FormatKey(System.String)
FNDA:0,System.String CoBySi.Pomodoro.Web.Components.Account.Pages.Manage.EnableAuthenticator::FormatKey(System.String)
DA:159,0
DA:160,0
DA:161,0
DA:162,0
DA:163,0
DA:164,0
DA:165,0
DA:166,0
DA:167,0
DA:168,0
DA:169,0
DA:170,0
DA:172,0
DA:173,0
BRDA:162,52,1,0
BRDA:162,52,0,0
BRDA:167,65,0,0
BRDA:167,65,1,0
FN:175,System.String CoBySi.Pomodoro.Web.Components.Account.Pages.Manage.EnableAuthenticator::GenerateQrCodeUri(System.String,System.String)
FNDA:0,System.String CoBySi.Pomodoro.Web.Components.Account.Pages.Manage.EnableAuthenticator::GenerateQrCodeUri(System.String,System.String)
DA:176,0
DA:177,0
DA:178,0
DA:179,0
DA:180,0
DA:181,0
DA:182,0
DA:183,0
FN:78,System.Void CoBySi.Pomodoro.Web.Components.Account.Pages.Manage.EnableAuthenticator::.ctor()
FNDA:0,System.Void CoBySi.Pomodoro.Web.Components.Account.Pages.Manage.EnableAuthenticator::.ctor()
DA:79,0
DA:81,0
FN:190,System.String CoBySi.Pomodoro.Web.Components.Account.Pages.Manage.EnableAuthenticator/InputModel::get_Code()
FNDA:0,System.String CoBySi.Pomodoro.Web.Components.Account.Pages.Manage.EnableAuthenticator/InputModel::get_Code()
DA:191,0
FN:141,System.Void CoBySi.Pomodoro.Web.Components.Account.Pages.Manage.EnableAuthenticator/<LoadSharedKeyAndQrCodeUriAsync>d__19::MoveNext()
FNDA:0,System.Void CoBySi.Pomodoro.Web.Components.Account.Pages.Manage.EnableAuthenticator/<LoadSharedKeyAndQrCodeUriAsync>d__19::MoveNext()
DA:142,0
DA:144,0
DA:145,0
DA:146,0
DA:147,0
DA:148,0
DA:149,0
DA:151,0
DA:153,0
DA:154,0
DA:155,0
DA:156,0
BRDA:145,198,0,0
BRDA:145,198,1,0
FN:92,System.Void CoBySi.Pomodoro.Web.Components.Account.Pages.Manage.EnableAuthenticator/<OnInitializedAsync>d__16::MoveNext()
FNDA:0,System.Void CoBySi.Pomodoro.Web.Components.Account.Pages.Manage.EnableAuthenticator/<OnInitializedAsync>d__16::MoveNext()
DA:93,0
DA:94,0
DA:96,0
DA:97,0
FN:111,System.Void CoBySi.Pomodoro.Web.Components.Account.Pages.Manage.EnableAuthenticator/<OnValidSubmitAsync>d__18::MoveNext()
FNDA:0,System.Void CoBySi.Pomodoro.Web.Components.Account.Pages.Manage.EnableAuthenticator/<OnValidSubmitAsync>d__18::MoveNext()
DA:112,0
DA:114,0
DA:116,0
DA:117,0
DA:119,0
DA:120,0
DA:121,0
DA:122,0
DA:125,0
DA:126,0
DA:127,0
DA:129,0
DA:131,0
DA:132,0
DA:133,0
DA:134,0
DA:136,0
DA:137,0
DA:138,0
DA:139,0
BRDA:119,290,0,0
BRDA:119,290,1,0
BRDA:131,770,0,0
BRDA:131,770,1,0
LF:80
LH:0
BRF:14
BRH:0
FNF:11
FNH:0
end_of_record
SF:c:\Users\simon\Documents\projects\pomodoroTimer\CoBySi.Pomodoro.Web\Components\Account\Pages\Manage\ExternalLogins.razor
FN:15,System.Void CoBySi.Pomodoro.Web.Components.Account.Pages.Manage.ExternalLogins::BuildRenderTree(Microsoft.AspNetCore.Components.Rendering.RenderTreeBuilder)
FNDA:0,System.Void CoBySi.Pomodoro.Web.Components.Account.Pages.Manage.ExternalLogins::BuildRenderTree(Microsoft.AspNetCore.Components.Rendering.RenderTreeBuilder)
DA:16,0
DA:17,0
DA:21,0
DA:22,0
DA:26,0
DA:27,0
DA:36,0
DA:38,0
DA:40,0
DA:43,0
DA:46,0
DA:47,0
DA:48,0
DA:55,0
DA:56,0
DA:60,0
DA:64,0
BRDA:16,95,0,0
BRDA:16,95,1,0
BRDA:16,111,0,0
BRDA:21,791,1,0
BRDA:26,286,0,0
BRDA:26,286,1,0
BRDA:21,791,0,0
BRDA:16,111,1,0
BRDA:47,831,0,0
BRDA:47,831,1,0
BRDA:47,849,0,0
BRDA:55,1186,1,0
BRDA:55,1186,0,0
BRDA:47,849,1,0
FN:74,Microsoft.AspNetCore.Http.HttpContext CoBySi.Pomodoro.Web.Components.Account.Pages.Manage.ExternalLogins::get_HttpContext()
FNDA:0,Microsoft.AspNetCore.Http.HttpContext CoBySi.Pomodoro.Web.Components.Account.Pages.Manage.ExternalLogins::get_HttpContext()
DA:75,0
FN:77,System.String CoBySi.Pomodoro.Web.Components.Account.Pages.Manage.ExternalLogins::get_LoginProvider()
FNDA:0,System.String CoBySi.Pomodoro.Web.Components.Account.Pages.Manage.ExternalLogins::get_LoginProvider()
DA:78,0
FN:80,System.String CoBySi.Pomodoro.Web.Components.Account.Pages.Manage.ExternalLogins::get_ProviderKey()
FNDA:0,System.String CoBySi.Pomodoro.Web.Components.Account.Pages.Manage.ExternalLogins::get_ProviderKey()
DA:81,0
FN:83,System.String CoBySi.Pomodoro.Web.Components.Account.Pages.Manage.ExternalLogins::get_Action()
FNDA:0,System.String CoBySi.Pomodoro.Web.Components.Account.Pages.Manage.ExternalLogins::get_Action()
DA:84,0
FN:90,System.Boolean CoBySi.Pomodoro.Web.Components.Account.Pages.Manage.ExternalLogins::<OnInitializedAsync>b__22_0(Microsoft.AspNetCore.Authentication.AuthenticationScheme)
FNDA:0,System.Boolean CoBySi.Pomodoro.Web.Components.Account.Pages.Manage.ExternalLogins::<OnInitializedAsync>b__22_0(Microsoft.AspNetCore.Authentication.AuthenticationScheme)
DA:91,0
FN:68,System.Void CoBySi.Pomodoro.Web.Components.Account.Pages.Manage.ExternalLogins::.ctor()
FNDA:0,System.Void CoBySi.Pomodoro.Web.Components.Account.Pages.Manage.ExternalLogins::.ctor()
DA:69,0
FN:120,System.Void CoBySi.Pomodoro.Web.Components.Account.Pages.Manage.ExternalLogins/<OnGetLinkLoginCallbackAsync>d__24::MoveNext()
FNDA:0,System.Void CoBySi.Pomodoro.Web.Components.Account.Pages.Manage.ExternalLogins/<OnGetLinkLoginCallbackAsync>d__24::MoveNext()
DA:121,0
DA:122,0
DA:123,0
DA:124,0
DA:125,0
DA:126,0
DA:127,0
DA:129,0
DA:130,0
DA:131,0
DA:132,0
DA:133,0
DA:136,0
DA:138,0
DA:139,0
BRDA:124,339,0,0
BRDA:124,339,1,0
BRDA:130,544,0,0
BRDA:130,544,1,0
FN:86,System.Void CoBySi.Pomodoro.Web.Components.Account.Pages.Manage.ExternalLogins/<OnInitializedAsync>d__22::MoveNext()
FNDA:0,System.Void CoBySi.Pomodoro.Web.Components.Account.Pages.Manage.ExternalLogins/<OnInitializedAsync>d__22::MoveNext()
DA:87,0
DA:88,0
DA:89,0
DA:90,0
DA:92,0
DA:94,0
DA:95,0
DA:96,0
DA:97,0
DA:98,0
DA:100,0
DA:102,0
DA:103,0
DA:104,0
DA:105,0
DA:106,0
BRDA:95,561,0,0
BRDA:95,561,1,0
BRDA:100,735,0,0
BRDA:100,735,1,0
BRDA:102,790,0,0
BRDA:102,790,1,0
BRDA:102,820,0,0
BRDA:102,820,1,0
FN:108,System.Void CoBySi.Pomodoro.Web.Components.Account.Pages.Manage.ExternalLogins/<OnSubmitAsync>d__23::MoveNext()
FNDA:0,System.Void CoBySi.Pomodoro.Web.Components.Account.Pages.Manage.ExternalLogins/<OnSubmitAsync>d__23::MoveNext()
DA:109,0
DA:110,0
DA:111,0
DA:112,0
DA:113,0
DA:114,0
DA:116,0
DA:117,0
DA:118,0
BRDA:111,205,0,0
BRDA:111,205,1,0
LF:63
LH:0
BRF:28
BRH:0
FNF:10
FNH:0
end_of_record
SF:c:\Users\simon\Documents\projects\pomodoroTimer\CoBySi.Pomodoro.Web\Components\Account\Pages\Manage\GenerateRecoveryCodes.razor
FN:12,System.Void CoBySi.Pomodoro.Web.Components.Account.Pages.Manage.GenerateRecoveryCodes::BuildRenderTree(Microsoft.AspNetCore.Components.Rendering.RenderTreeBuilder)
FNDA:0,System.Void CoBySi.Pomodoro.Web.Components.Account.Pages.Manage.GenerateRecoveryCodes::BuildRenderTree(Microsoft.AspNetCore.Components.Rendering.RenderTreeBuilder)
DA:13,0
DA:14,0
DA:16,0
DA:18,0
DA:40,0
BRDA:13,74,0,0
BRDA:13,74,1,0
FN:47,Microsoft.AspNetCore.Http.HttpContext CoBySi.Pomodoro.Web.Components.Account.Pages.Manage.GenerateRecoveryCodes::get_HttpContext()
FNDA:0,Microsoft.AspNetCore.Http.HttpContext CoBySi.Pomodoro.Web.Components.Account.Pages.Manage.GenerateRecoveryCodes::get_HttpContext()
DA:48,0
FN:43,System.Void CoBySi.Pomodoro.Web.Components.Account.Pages.Manage.GenerateRecoveryCodes::.ctor()
FNDA:0,System.Void CoBySi.Pomodoro.Web.Components.Account.Pages.Manage.GenerateRecoveryCodes::.ctor()
DA:44,0
FN:50,System.Void CoBySi.Pomodoro.Web.Components.Account.Pages.Manage.GenerateRecoveryCodes/<OnInitializedAsync>d__8::MoveNext()
FNDA:0,System.Void CoBySi.Pomodoro.Web.Components.Account.Pages.Manage.GenerateRecoveryCodes/<OnInitializedAsync>d__8::MoveNext()
DA:51,0
DA:52,0
DA:54,0
DA:55,0
DA:56,0
DA:57,0
DA:59,0
BRDA:55,319,0,0
BRDA:55,319,1,0
FN:61,System.Void CoBySi.Pomodoro.Web.Components.Account.Pages.Manage.GenerateRecoveryCodes/<OnSubmitAsync>d__9::MoveNext()
FNDA:0,System.Void CoBySi.Pomodoro.Web.Components.Account.Pages.Manage.GenerateRecoveryCodes/<OnSubmitAsync>d__9::MoveNext()
DA:62,0
DA:63,0
DA:64,0
DA:65,0
DA:67,0
DA:68,0
LF:20
LH:0
BRF:4
BRH:0
FNF:5
FNH:0
end_of_record
SF:c:\Users\simon\Documents\projects\pomodoroTimer\CoBySi.Pomodoro.Web\Components\Account\Pages\Manage\Index.razor
FN:43,Microsoft.AspNetCore.Http.HttpContext CoBySi.Pomodoro.Web.Components.Account.Pages.Manage.Index::get_HttpContext()
FNDA:0,Microsoft.AspNetCore.Http.HttpContext CoBySi.Pomodoro.Web.Components.Account.Pages.Manage.Index::get_HttpContext()
DA:44,0
FN:46,CoBySi.Pomodoro.Web.Components.Account.Pages.Manage.Index/InputModel CoBySi.Pomodoro.Web.Components.Account.Pages.Manage.Index::get_Input()
FNDA:0,CoBySi.Pomodoro.Web.Components.Account.Pages.Manage.Index/InputModel CoBySi.Pomodoro.Web.Components.Account.Pages.Manage.Index::get_Input()
DA:47,0
FN:38,System.Void CoBySi.Pomodoro.Web.Components.Account.Pages.Manage.Index::.ctor()
FNDA:0,System.Void CoBySi.Pomodoro.Web.Components.Account.Pages.Manage.Index::.ctor()
DA:39,0
FN:76,System.String CoBySi.Pomodoro.Web.Components.Account.Pages.Manage.Index/InputModel::get_PhoneNumber()
FNDA:0,System.String CoBySi.Pomodoro.Web.Components.Account.Pages.Manage.Index/InputModel::get_PhoneNumber()
DA:77,0
FN:49,System.Void CoBySi.Pomodoro.Web.Components.Account.Pages.Manage.Index/<OnInitializedAsync>d__12::MoveNext()
FNDA:0,System.Void CoBySi.Pomodoro.Web.Components.Account.Pages.Manage.Index/<OnInitializedAsync>d__12::MoveNext()
DA:50,0
DA:51,0
DA:52,0
DA:53,0
DA:55,0
DA:56,0
BRDA:55,501,0,0
BRDA:55,501,1,0
FN:58,System.Void CoBySi.Pomodoro.Web.Components.Account.Pages.Manage.Index/<OnValidSubmitAsync>d__13::MoveNext()
FNDA:0,System.Void CoBySi.Pomodoro.Web.Components.Account.Pages.Manage.Index/<OnValidSubmitAsync>d__13::MoveNext()
DA:59,0
DA:60,0
DA:61,0
DA:62,0
DA:63,0
DA:64,0
DA:65,0
DA:66,0
DA:67,0
DA:69,0
DA:70,0
DA:71,0
BRDA:60,63,0,0
BRDA:63,244,0,0
BRDA:63,244,1,0
BRDA:60,63,1,0
LF:22
LH:0
BRF:6
BRH:0
FNF:6
FNH:0
end_of_record
SF:c:\Users\simon\Documents\projects\pomodoroTimer\CoBySi.Pomodoro.Web\Components\Account\Pages\Manage\PersonalData.razor
FN:27,Microsoft.AspNetCore.Http.HttpContext CoBySi.Pomodoro.Web.Components.Account.Pages.Manage.PersonalData::get_HttpContext()
FNDA:0,Microsoft.AspNetCore.Http.HttpContext CoBySi.Pomodoro.Web.Components.Account.Pages.Manage.PersonalData::get_HttpContext()
DA:28,0
FN:30,System.Void CoBySi.Pomodoro.Web.Components.Account.Pages.Manage.PersonalData/<OnInitializedAsync>d__5::MoveNext()
FNDA:0,System.Void CoBySi.Pomodoro.Web.Components.Account.Pages.Manage.PersonalData/<OnInitializedAsync>d__5::MoveNext()
DA:31,0
DA:32,0
DA:33,0
LF:4
LH:0
BRF:0
BRH:0
FNF:2
FNH:0
end_of_record
SF:c:\Users\simon\Documents\projects\pomodoroTimer\CoBySi.Pomodoro.Web\Components\Account\Pages\Manage\ResetAuthenticator.razor
FN:35,Microsoft.AspNetCore.Http.HttpContext CoBySi.Pomodoro.Web.Components.Account.Pages.Manage.ResetAuthenticator::get_HttpContext()
FNDA:0,Microsoft.AspNetCore.Http.HttpContext CoBySi.Pomodoro.Web.Components.Account.Pages.Manage.ResetAuthenticator::get_HttpContext()
DA:36,0
FN:38,System.Void CoBySi.Pomodoro.Web.Components.Account.Pages.Manage.ResetAuthenticator/<OnSubmitAsync>d__5::MoveNext()
FNDA:0,System.Void CoBySi.Pomodoro.Web.Components.Account.Pages.Manage.ResetAuthenticator/<OnSubmitAsync>d__5::MoveNext()
DA:39,0
DA:40,0
DA:41,0
DA:42,0
DA:43,0
DA:44,0
DA:46,0
DA:48,0
DA:49,0
DA:50,0
DA:51,0
DA:52,0
LF:13
LH:0
BRF:0
BRH:0
FNF:2
FNH:0
end_of_record
SF:c:\Users\simon\Documents\projects\pomodoroTimer\CoBySi.Pomodoro.Web\Components\Account\Pages\Manage\SetPassword.razor
FN:46,Microsoft.AspNetCore.Http.HttpContext CoBySi.Pomodoro.Web.Components.Account.Pages.Manage.SetPassword::get_HttpContext()
FNDA:0,Microsoft.AspNetCore.Http.HttpContext CoBySi.Pomodoro.Web.Components.Account.Pages.Manage.SetPassword::get_HttpContext()
DA:47,0
FN:49,CoBySi.Pomodoro.Web.Components.Account.Pages.Manage.SetPassword/InputModel CoBySi.Pomodoro.Web.Components.Account.Pages.Manage.SetPassword::get_Input()
FNDA:0,CoBySi.Pomodoro.Web.Components.Account.Pages.Manage.SetPassword/InputModel CoBySi.Pomodoro.Web.Components.Account.Pages.Manage.SetPassword::get_Input()
DA:50,0
FN:43,System.Void CoBySi.Pomodoro.Web.Components.Account.Pages.Manage.SetPassword::.ctor()
FNDA:0,System.Void CoBySi.Pomodoro.Web.Components.Account.Pages.Manage.SetPassword::.ctor()
DA:44,0
FN:81,System.String CoBySi.Pomodoro.Web.Components.Account.Pages.Manage.SetPassword/InputModel::get_NewPassword()
FNDA:0,System.String CoBySi.Pomodoro.Web.Components.Account.Pages.Manage.SetPassword/InputModel::get_NewPassword()
DA:82,0
FN:86,System.String CoBySi.Pomodoro.Web.Components.Account.Pages.Manage.SetPassword/InputModel::get_ConfirmPassword()
FNDA:0,System.String CoBySi.Pomodoro.Web.Components.Account.Pages.Manage.SetPassword/InputModel::get_ConfirmPassword()
DA:87,0
FN:67,System.String CoBySi.Pomodoro.Web.Components.Account.Pages.Manage.SetPassword/<>c::<OnValidSubmitAsync>b__12_0(Microsoft.AspNetCore.Identity.IdentityError)
FNDA:0,System.String CoBySi.Pomodoro.Web.Components.Account.Pages.Manage.SetPassword/<>c::<OnValidSubmitAsync>b__12_0(Microsoft.AspNetCore.Identity.IdentityError)
DA:68,0
FN:52,System.Void CoBySi.Pomodoro.Web.Components.Account.Pages.Manage.SetPassword/<OnInitializedAsync>d__11::MoveNext()
FNDA:0,System.Void CoBySi.Pomodoro.Web.Components.Account.Pages.Manage.SetPassword/<OnInitializedAsync>d__11::MoveNext()
DA:53,0
DA:54,0
DA:56,0
DA:57,0
DA:58,0
DA:59,0
DA:60,0
DA:61,0
BRDA:57,316,0,0
BRDA:57,316,1,0
FN:63,System.Void CoBySi.Pomodoro.Web.Components.Account.Pages.Manage.SetPassword/<OnValidSubmitAsync>d__12::MoveNext()
FNDA:0,System.Void CoBySi.Pomodoro.Web.Components.Account.Pages.Manage.SetPassword/<OnValidSubmitAsync>d__12::MoveNext()
DA:64,0
DA:65,0
DA:66,0
DA:67,0
DA:69,0
DA:72,0
DA:73,0
DA:74,0
BRDA:66,199,0,0
BRDA:66,199,1,0
LF:22
LH:0
BRF:4
BRH:0
FNF:8
FNH:0
end_of_record
SF:c:\Users\simon\Documents\projects\pomodoroTimer\CoBySi.Pomodoro.Web\Components\Account\Pages\Manage\TwoFactorAuthentication.razor
FN:15,System.Void CoBySi.Pomodoro.Web.Components.Account.Pages.Manage.TwoFactorAuthentication::BuildRenderTree(Microsoft.AspNetCore.Components.Rendering.RenderTreeBuilder)
FNDA:0,System.Void CoBySi.Pomodoro.Web.Components.Account.Pages.Manage.TwoFactorAuthentication::BuildRenderTree(Microsoft.AspNetCore.Components.Rendering.RenderTreeBuilder)
DA:16,0
DA:17,0
DA:18,0
DA:19,0
DA:20,0
DA:21,0
DA:26,0
DA:27,0
DA:28,0
DA:33,0
DA:34,0
DA:35,0
DA:40,0
DA:42,0
DA:43,0
DA:48,0
DA:52,0
DA:55,0
DA:56,0
DA:58,0
DA:60,0
DA:63,0
DA:64,0
DA:66,0
DA:71,0
BRDA:16,122,0,0
BRDA:18,136,0,0
BRDA:20,153,0,0
BRDA:20,153,1,0
BRDA:27,186,0,0
BRDA:27,186,1,0
BRDA:34,224,0,0
BRDA:34,224,1,0
BRDA:42,378,0,0
BRDA:42,378,1,0
BRDA:18,136,1,0
BRDA:55,607,0,0
BRDA:55,607,1,0
BRDA:16,122,1,0
FN:80,Microsoft.AspNetCore.Http.HttpContext CoBySi.Pomodoro.Web.Components.Account.Pages.Manage.TwoFactorAuthentication::get_HttpContext()
FNDA:0,Microsoft.AspNetCore.Http.HttpContext CoBySi.Pomodoro.Web.Components.Account.Pages.Manage.TwoFactorAuthentication::get_HttpContext()
DA:81,0
FN:83,System.Void CoBySi.Pomodoro.Web.Components.Account.Pages.Manage.TwoFactorAuthentication/<OnInitializedAsync>d__10::MoveNext()
FNDA:0,System.Void CoBySi.Pomodoro.Web.Components.Account.Pages.Manage.TwoFactorAuthentication/<OnInitializedAsync>d__10::MoveNext()
DA:84,0
DA:85,0
DA:86,0
DA:87,0
DA:88,0
DA:89,0
DA:90,0
DA:91,0
BRDA:86,227,0,0
BRDA:86,227,1,0
FN:93,System.Void CoBySi.Pomodoro.Web.Components.Account.Pages.Manage.TwoFactorAuthentication/<OnSubmitForgetBrowserAsync>d__11::MoveNext()
FNDA:0,System.Void CoBySi.Pomodoro.Web.Components.Account.Pages.Manage.TwoFactorAuthentication/<OnSubmitForgetBrowserAsync>d__11::MoveNext()
DA:94,0
DA:95,0
DA:97,0
DA:98,0
DA:99,0
DA:100,0
LF:40
LH:0
BRF:16
BRH:0
FNF:4
FNH:0
end_of_record
SF:c:\Users\simon\Documents\projects\pomodoroTimer\CoBySi.Pomodoro.Web\Components\Account\IdentityComponentsEndpointRouteBuilderExtensions.cs
FN:18,Microsoft.AspNetCore.Builder.IEndpointConventionBuilder Microsoft.AspNetCore.Routing.IdentityComponentsEndpointRouteBuilderExtensions::MapAdditionalIdentityEndpoints(Microsoft.AspNetCore.Routing.IEndpointRouteBuilder)
FNDA:0,Microsoft.AspNetCore.Builder.IEndpointConventionBuilder Microsoft.AspNetCore.Routing.IdentityComponentsEndpointRouteBuilderExtensions::MapAdditionalIdentityEndpoints(Microsoft.AspNetCore.Routing.IEndpointRouteBuilder)
DA:19,0
DA:20,0
DA:22,0
DA:24,0
DA:25,0
DA:26,0
DA:27,0
DA:28,0
DA:29,0
DA:30,0
DA:31,0
DA:32,0
DA:33,0
DA:34,0
DA:35,0
DA:36,0
DA:37,0
DA:38,0
DA:39,0
DA:40,0
DA:41,0
DA:52,0
DA:54,0
DA:55,0
DA:56,0
DA:57,0
DA:58,0
DA:59,0
DA:60,0
DA:61,0
DA:62,0
DA:63,0
DA:64,0
DA:65,0
DA:66,0
DA:67,0
DA:68,0
DA:69,0
DA:71,0
DA:72,0
DA:74,0
DA:75,0
DA:76,0
DA:77,0
DA:78,0
DA:79,0
DA:80,0
DA:81,0
DA:82,0
DA:83,0
DA:84,0
DA:85,0
DA:86,0
DA:87,0
DA:88,0
DA:89,0
DA:90,0
DA:91,0
DA:92,0
DA:93,0
DA:94,0
DA:95,0
DA:96,0
DA:97,0
DA:98,0
DA:99,0
DA:100,0
DA:101,0
DA:102,0
DA:103,0
DA:104,0
DA:105,0
DA:106,0
DA:107,0
DA:108,0
DA:110,0
DA:111,0
LF:77
LH:0
BRF:10
BRH:0
FNF:1
FNH:0
end_of_record